Log file open, 01/16/19 12:59:00
LogWindows: Failed to load 'aqProf.dll' (GetLastError=126)
LogWindows: File 'aqProf.dll' does not exist
LogWindows: Failed to load 'VtuneApi.dll' (GetLastError=126)
LogWindows: File 'VtuneApi.dll' does not exist
LogWindows: Failed to load 'VtuneApi32e.dll' (GetLastError=126)
LogWindows: File 'VtuneApi32e.dll' does not exist
LogInit: Display: Running engine for game: JD_WB_InClass_Sec2
LogPlatformFile: Not using cached read wrapper
LogTaskGraph: Started task graph with 5 named threads and 23 total threads with 3 sets of task threads.
LogStats: Stats thread started at 0.297912
LogD3D11RHI: Loaded GFSDK_Aftermath_Lib.x64.dll
LogICUInternationalization: Display: ICU TimeZone Detection - Raw Offset: -7:00, Platform Override: ''
LogPluginManager: Mounting plugin Paper2D
LogPluginManager: Mounting plugin AISupport
LogPluginManager: Mounting plugin LightPropagationVolume
LogPluginManager: Mounting plugin CLionSourceCodeAccess
LogPluginManager: Mounting plugin CodeLiteSourceCodeAccess
LogPluginManager: Mounting plugin GitSourceControl
LogPluginManager: Mounting plugin KDevelopSourceCodeAccess
LogPluginManager: Mounting plugin NullSourceCodeAccess
LogPluginManager: Mounting plugin PerforceSourceControl
LogPluginManager: Mounting plugin SubversionSourceControl
LogPluginManager: Mounting plugin UObjectPlugin
LogPluginManager: Mounting plugin VisualStudioCodeSourceCodeAccess
LogPluginManager: Mounting plugin VisualStudioSourceCodeAccess
LogPluginManager: Mounting plugin XCodeSourceCodeAccess
LogPluginManager: Mounting plugin AssetManagerEditor
LogPluginManager: Mounting plugin CryptoKeys
LogPluginManager: Mounting plugin DataValidation
LogPluginManager: Mounting plugin FacialAnimation
LogPluginManager: Mounting plugin GameplayTagsEditor
LogPluginManager: Mounting plugin MacGraphicsSwitching
LogPluginManager: Mounting plugin MeshEditor
LogPluginManager: Mounting plugin MobileLauncherProfileWizard
LogPluginManager: Mounting plugin PluginBrowser
LogPluginManager: Mounting plugin SpeedTreeImporter
LogPluginManager: Mounting plugin DatasmithContent
LogPluginManager: Mounting plugin AlembicImporter
LogPluginManager: Mounting plugin AppleImageUtils
LogPluginManager: Mounting plugin AppleVision
LogPluginManager: Mounting plugin BackChannel
LogPluginManager: Mounting plugin CharacterAI
LogPluginManager: Mounting plugin GeometryCache
LogPluginManager: Mounting plugin HTML5Networking
LogPluginManager: Mounting plugin ProxyLODPlugin
LogPluginManager: Mounting plugin MagicLeap
LogPluginManager: Mounting plugin MagicLeapEmulator
LogPluginManager: Mounting plugin MagicLeapMedia
LogPluginManager: Mounting plugin AndroidMedia
LogPluginManager: Mounting plugin AvfMedia
LogPluginManager: Mounting plugin ImgMedia
LogPluginManager: Mounting plugin LinearTimecode
LogPluginManager: Mounting plugin MediaCompositing
LogPluginManager: Mounting plugin MediaPlayerEditor
LogPluginManager: Mounting plugin WmfMedia
LogPluginManager: Mounting plugin TcpMessaging
LogPluginManager: Mounting plugin UdpMessaging
LogPluginManager: Mounting plugin ActorSequence
LogPluginManager: Mounting plugin LevelSequenceEditor
LogPluginManager: Mounting plugin MatineeToLevelSequence
LogPluginManager: Mounting plugin NetcodeUnitTest
LogPluginManager: Mounting plugin NUTUnrealEngine4
LogPluginManager: Mounting plugin OnlineSubsystemGooglePlay
LogPluginManager: Mounting plugin OnlineSubsystemIOS
LogPluginManager: Mounting plugin OnlineSubsystem
LogPluginManager: Mounting plugin OnlineSubsystemNull
LogPluginManager: Mounting plugin OnlineSubsystemUtils
LogPluginManager: Mounting plugin LauncherChunkInstaller
LogPluginManager: Mounting plugin AndroidDeviceProfileSelector
LogPluginManager: Mounting plugin AndroidMoviePlayer
LogPluginManager: Mounting plugin AndroidPermission
LogPluginManager: Mounting plugin AppleMoviePlayer
LogPluginManager: Mounting plugin ArchVisCharacter
LogPluginManager: Mounting plugin AudioCapture
LogPluginManager: Mounting plugin CableComponent
LogPluginManager: Mounting plugin CustomMeshComponent
LogPluginManager: Mounting plugin EditableMesh
LogPluginManager: Mounting plugin ExampleDeviceProfileSelector
LogPluginManager: Mounting plugin GoogleCloudMessaging
LogPluginManager: Mounting plugin ImmediatePhysics
LogPluginManager: Mounting plugin IOSDeviceProfileSelector
LogPluginManager: Mounting plugin LinuxDeviceProfileSelector
LogPluginManager: Mounting plugin LocationServicesBPLibrary
LogPluginManager: Mounting plugin MobilePatchingUtils
LogPluginManager: Mounting plugin OculusVR
LogPluginManager: Plugin shader directory ../../../Engine/Plugins/Runtime/Oculus/OculusVR/Shaders found
LogPluginManager: Mapping shader source directory ../../../Engine/Plugins/Runtime/Oculus/OculusVR/Shaders to virtual directory /Plugin/OculusVR
LogPluginManager: Mounting plugin PhysXVehicles
LogPluginManager: Mounting plugin ProceduralMeshComponent
LogPluginManager: Mounting plugin RuntimePhysXCooking
LogPluginManager: Mounting plugin SteamVR
LogPluginManager: Mounting plugin WindowsMoviePlayer
LogStreaming: Display: Took  0.115s to configure plugins.
LogInit: Using libcurl 7.55.1-DEV
LogInit:  - built for x86_64-pc-win32
LogInit:  - supports SSL with OpenSSL/1.0.2h
LogInit:  - supports HTTP deflate (compression) using libz 1.2.8
LogInit:  - other features:
LogInit:      CURL_VERSION_SSL
LogInit:      CURL_VERSION_LIBZ
LogInit:      CURL_VERSION_IPV6
LogInit:      CURL_VERSION_ASYNCHDNS
LogInit:      CURL_VERSION_LARGEFILE
LogInit:      CURL_VERSION_IDN
LogInit:  CurlRequestOptions (configurable via config and command line):
LogInit:  - bVerifyPeer = false  - Libcurl will NOT verify peer certificate
LogInit:  - bUseHttpProxy = false  - Libcurl will NOT use HTTP proxy
LogInit:  - bDontReuseConnections = false  - Libcurl will reuse connections
LogInit:  - CertBundlePath = nullptr  - Libcurl will use whatever was configured at build time.
LogInit:  - MaxHostConnections = 16  - Libcurl will limit the number of connections to a host
LogInit:  - LocalHostAddr = Default
LogInit:  - BufferSize = 65536
LogInit: WinSock: version 1.1 (2.2), MaxSocks=32767, MaxUdp=65467
LogInit: Build: ++UE4+Release-4.20-CL-4369336
LogInit: Engine Version: 4.20.3-4369336+++UE4+Release-4.20
LogInit: Compatible Engine Version: 4.20.0-4212847+++UE4+Release-4.20
LogInit: Net CL: 4212847
LogInit: OS: Windows 10 (), CPU: Intel(R) Core(TM) i7-8809G CPU @ 3.10GHz, GPU: Radeon RX Vega M GH Graphics
LogInit: Compiled (64-bit): Sep 17 2018 12:26:19
LogInit: Compiled with Visual C++: 19.13.26129.00
LogInit: Build Configuration: Development
LogInit: Branch Name: ++UE4+Release-4.20
LogInit: Command Line:  
LogInit: Base Directory: C:/Program Files/Epic Games/UE_4.20/Engine/Binaries/Win64/
LogInit: Installed Engine Build: 1
LogDevObjectVersion: Number of dev versions registered: 20
LogDevObjectVersion:   Dev-Blueprints (B0D832E4-1F89-4F0D-ACCF-7EB736FD4AA2): 10
LogDevObjectVersion:   Dev-Build (E1C64328-A22C-4D53-A36C-8E866417BD8C): 0
LogDevObjectVersion:   Dev-Core (375EC13C-06E4-48FB-B500-84F0262A717E): 2
LogDevObjectVersion:   Dev-Editor (E4B068ED-F494-42E9-A231-DA0B2E46BB41): 24
LogDevObjectVersion:   Dev-Framework (CFFC743F-43B0-4480-9391-14DF171D2073): 34
LogDevObjectVersion:   Dev-Mobile (B02B49B5-BB20-44E9-A304-32B752E40360): 2
LogDevObjectVersion:   Dev-Networking (A4E4105C-59A1-49B5-A7C5-40C4547EDFEE): 0
LogDevObjectVersion:   Dev-Online (39C831C9-5AE6-47DC-9A44-9C173E1C8E7C): 0
LogDevObjectVersion:   Dev-Physics (78F01B33-EBEA-4F98-B9B4-84EACCB95AA2): 0
LogDevObjectVersion:   Dev-Platform (6631380F-2D4D-43E0-8009-CF276956A95A): 0
LogDevObjectVersion:   Dev-Rendering (12F88B9F-8875-4AFC-A67C-D90C383ABD29): 26
LogDevObjectVersion:   Dev-Sequencer (7B5AE74C-D270-4C10-A958-57980B212A5A): 9
LogDevObjectVersion:   Dev-VR (D7296918-1DD6-4BDD-9DE2-64A83CC13884): 2
LogDevObjectVersion:   Dev-LoadTimes (C2A15278-BFE7-4AFE-6C17-90FF531DF755): 1
LogDevObjectVersion:   Private-Geometry (6EACA3D4-40EC-4CC1-B786-8BED09428FC5): 3
LogDevObjectVersion:   Dev-AnimPhys (29E575DD-E0A3-4627-9D10-D276232CDCEA): 17
LogDevObjectVersion:   Dev-ReflectionCapture (6B266CEC-1EC7-4B8F-A30B-E4D90942FC07): 1
LogDevObjectVersion:   Dev-Automation (0DF73D61-A23F-47EA-B727-89E90C41499A): 1
LogDevObjectVersion:   FortniteMain (601D1886-AC64-4F84-AA16-D3DE0DEAC7D6): 12
LogDevObjectVersion:   Dev-Enterprise (9DFFBCD6-494F-0158-E221-12823C92A888): 1
LogStreaming: Display: Took  0.000s to delete old logs.
LogInit: Presizing for max 8388607 objects, including 0 objects not considered by GC, pre-allocating 0 bytes for permanent pool.
LogInit: Object subsystem initialized
[2019.01.16-19.59.01:457][  0]LogInit: Selected Device Profile: [Windows]
[2019.01.16-19.59.01:457][  0]LogInit: Applying CVar settings loaded from the selected device profile: [Windows]
[2019.01.16-19.59.01:481][  0]LogHAL: Display: Platform has ~ 16 GB [17094848512 / 17179869184 / 16], which maps to Larger [LargestMinGB=32, LargerMinGB=12, DefaultMinGB=8, SmallerMinGB=6, SmallestMinGB=0)
[2019.01.16-19.59.01:481][  0]LogInit: Setting Device Profile CVar: [[r.Vulkan.UseRealUBs:1]]
[2019.01.16-19.59.01:481][  0]LogInit: Going up to parent DeviceProfile []
[2019.01.16-19.59.01:485][  0]LogInit: Computer: eae-n-020
[2019.01.16-19.59.01:485][  0]LogInit: User: u0870886
[2019.01.16-19.59.01:485][  0]LogInit: CPU Page size=4096, Cores=4
[2019.01.16-19.59.01:485][  0]LogInit: High frequency timer resolution =3.023436 MHz
[2019.01.16-19.59.01:486][  0]LogMemory: Memory total: Physical=15.9GB (16GB approx)
[2019.01.16-19.59.01:486][  0]LogMemory: Platform Memory Stats for Windows
[2019.01.16-19.59.01:486][  0]LogMemory: Process Physical Memory: 99.54 MB used, 99.54 MB peak
[2019.01.16-19.59.01:486][  0]LogMemory: Process Virtual Memory: 91.00 MB used, 91.00 MB peak
[2019.01.16-19.59.01:486][  0]LogMemory: Physical Memory: 5653.25 MB used,  10649.67 MB free, 16302.92 MB total
[2019.01.16-19.59.01:486][  0]LogMemory: Virtual Memory: 4640.71 MB used,  10649.67 MB free, 134217728.00 MB total
[2019.01.16-19.59.01:669][  0]LogInit: Using OS detected language (en-US).
[2019.01.16-19.59.01:669][  0]LogInit: Using OS detected locale (en-US).
[2019.01.16-19.59.01:670][  0]LogTextLocalizationManager: No specific localization for 'en-US' exists, so the 'en' localization will be used.
[2019.01.16-19.59.02:046][  0]LogStreaming: Display: Took  0.377s to InitEngineTextLocalization.
[2019.01.16-19.59.02:046][  0]LogInit: Setting process to per monitor DPI aware
[2019.01.16-19.59.02:116][  0]LogSlate: New Slate User Created.  User Index 0, Is Virtual User: 0
[2019.01.16-19.59.02:116][  0]LogSlate: Slate User Registered.  User Index 0, Is Virtual User: 0
[2019.01.16-19.59.03:968][  0]LogHMD: Failed to initialize OpenVR with code 110
[2019.01.16-19.59.03:968][  0]LogD3D11RHI: D3D11 adapters:
[2019.01.16-19.59.04:022][  0]LogD3D11RHI:    0. 'Radeon RX Vega M GH Graphics' (Feature Level 11_0)
[2019.01.16-19.59.04:022][  0]LogD3D11RHI:       4042/0/8151 MB DedicatedVideo/DedicatedSystem/SharedSystem, Outputs:1, VendorId:0x1002
[2019.01.16-19.59.04:034][  0]LogD3D11RHI:    1. 'Intel(R) HD Graphics 630' (Feature Level 11_0)
[2019.01.16-19.59.04:034][  0]LogD3D11RHI:       128/0/8151 MB DedicatedVideo/DedicatedSystem/SharedSystem, Outputs:0, VendorId:0x8086
[2019.01.16-19.59.04:035][  0]LogD3D11RHI:    2. 'Microsoft Basic Render Driver' (Feature Level 11_0)
[2019.01.16-19.59.04:035][  0]LogD3D11RHI:       0/0/8151 MB DedicatedVideo/DedicatedSystem/SharedSystem, Outputs:0, VendorId:0x1414
[2019.01.16-19.59.04:035][  0]LogD3D11RHI: Chosen D3D11 Adapter: 0
[2019.01.16-19.59.04:043][  0]LogD3D11RHI: Creating new Direct3DDevice
[2019.01.16-19.59.04:043][  0]LogD3D11RHI:     GPU DeviceId: 0x694c (for the marketing name, search the web for "GPU Device Id")
[2019.01.16-19.59.04:043][  0]LogWindows: EnumDisplayDevices:
[2019.01.16-19.59.04:043][  0]LogWindows:    0. 'Radeon RX Vega M GH Graphics' (P:1 D:1)
[2019.01.16-19.59.04:043][  0]LogWindows:    1. 'Radeon RX Vega M GH Graphics' (P:0 D:0)
[2019.01.16-19.59.04:044][  0]LogWindows:    2. 'Radeon RX Vega M GH Graphics' (P:0 D:0)
[2019.01.16-19.59.04:044][  0]LogWindows:    3. 'Radeon RX Vega M GH Graphics' (P:0 D:0)
[2019.01.16-19.59.04:044][  0]LogWindows:    4. 'Radeon RX Vega M GH Graphics' (P:0 D:0)
[2019.01.16-19.59.04:044][  0]LogWindows:    5. 'Radeon RX Vega M GH Graphics' (P:0 D:0)
[2019.01.16-19.59.04:045][  0]LogWindows:    6. 'Radeon RX Vega M GH Graphics' (P:0 D:0)
[2019.01.16-19.59.04:045][  0]LogWindows:    7. 'Intel(R) HD Graphics 630' (P:0 D:0)
[2019.01.16-19.59.04:045][  0]LogWindows:    8. 'Intel(R) HD Graphics 630' (P:0 D:0)
[2019.01.16-19.59.04:045][  0]LogWindows: DebugString: PrimaryIsNotTheChoosenAdapter PrimaryIsNotTheChoosenAdapter FoundDriverCount:7 
[2019.01.16-19.59.04:045][  0]LogD3D11RHI:     Adapter Name: Radeon RX Vega M GH Graphics
[2019.01.16-19.59.04:045][  0]LogD3D11RHI:   Driver Version: Adrenalin 18.9.1 (internal:24.20.11026.2001, unified:24.20.11026.2001)
[2019.01.16-19.59.04:045][  0]LogD3D11RHI:      Driver Date: 8-30-2018
[2019.01.16-19.59.04:045][  0]LogRHI: Texture pool is 2829 MB (70% of 4042 MB)
[2019.01.16-19.59.04:110][  0]LogD3D11RHI: Async texture creation enabled
[2019.01.16-19.59.04:121][  0]LogD3D11RHI: GPU Timing Frequency: 25.000000 (Debug: 2 1)
[2019.01.16-19.59.04:123][  0]LogShaderCompilers: Guid format shader working directory is -38 characters bigger than the processId version (../../../../../../Users/u0870886/Documents/GitHub/JDAO_AssetPipeline/JD_WB_InClass_Sec2/Intermediate/Shaders/WorkingDirectory/9624/).
[2019.01.16-19.59.04:123][  0]LogShaderCompilers: Cleaned the shader compiler working directory 'C:/Users/u0870886/AppData/Local/Temp/UnrealShaderWorkingDir/7345A39B4F39D47CD1552EB47AA26F20/'.
[2019.01.16-19.59.04:361][  0]LogTemp: Display: Loaded TP AllDesktopTargetPlatform
[2019.01.16-19.59.04:372][  0]LogTemp: Display: Loaded TP MacClientTargetPlatform
[2019.01.16-19.59.04:384][  0]LogTemp: Display: Loaded TP MacNoEditorTargetPlatform
[2019.01.16-19.59.04:395][  0]LogTemp: Display: Loaded TP MacServerTargetPlatform
[2019.01.16-19.59.04:412][  0]LogTemp: Display: Loaded TP MacTargetPlatform
[2019.01.16-19.59.04:424][  0]LogTemp: Display: Loaded TP WindowsClientTargetPlatform
[2019.01.16-19.59.04:437][  0]LogTemp: Display: Loaded TP WindowsNoEditorTargetPlatform
[2019.01.16-19.59.04:449][  0]LogTemp: Display: Loaded TP WindowsServerTargetPlatform
[2019.01.16-19.59.04:456][  0]LogTemp: Display: Loaded TP WindowsTargetPlatform
[2019.01.16-19.59.04:529][  0]LogTemp: Display: Loaded TP AndroidTargetPlatform
[2019.01.16-19.59.04:529][  0]LogTemp: Display: Loaded TP AndroidTargetPlatform
[2019.01.16-19.59.04:529][  0]LogTemp: Display: Loaded TP AndroidTargetPlatform
[2019.01.16-19.59.04:529][  0]LogTemp: Display: Loaded TP AndroidTargetPlatform
[2019.01.16-19.59.04:529][  0]LogTemp: Display: Loaded TP AndroidTargetPlatform
[2019.01.16-19.59.04:529][  0]LogTemp: Display: Loaded TP AndroidTargetPlatform
[2019.01.16-19.59.04:529][  0]LogTemp: Display: Loaded TP AndroidTargetPlatform
[2019.01.16-19.59.04:529][  0]LogTemp: Display: Loaded TP AndroidTargetPlatform
[2019.01.16-19.59.04:529][  0]LogTemp: Display: Loaded TP AndroidTargetPlatform
[2019.01.16-19.59.04:529][  0]LogTemp: Display: Loaded TP AndroidTargetPlatform
[2019.01.16-19.59.04:529][  0]LogTemp: Display: Loaded TP AndroidTargetPlatform
[2019.01.16-19.59.04:529][  0]LogTemp: Display: Loaded TP AndroidTargetPlatform
[2019.01.16-19.59.04:529][  0]LogTemp: Display: Loaded TP AndroidTargetPlatform
[2019.01.16-19.59.04:529][  0]LogTemp: Display: Loaded TP AndroidTargetPlatform
[2019.01.16-19.59.04:529][  0]LogTemp: Display: Loaded TP AndroidTargetPlatform
[2019.01.16-19.59.04:529][  0]LogTemp: Display: Loaded TP AndroidTargetPlatform
[2019.01.16-19.59.04:529][  0]LogTemp: Display: Loaded TP AndroidTargetPlatform
[2019.01.16-19.59.04:529][  0]LogTemp: Display: Loaded TP AndroidTargetPlatform
[2019.01.16-19.59.04:530][  0]LogTemp: Display: Loaded TP HTML5TargetPlatform
[2019.01.16-19.59.04:596][  0]LogTemp: Display: Loaded TP IOSTargetPlatform
[2019.01.16-19.59.04:596][  0]LogTemp: Display: Loaded TP IOSTargetPlatform
[2019.01.16-19.59.04:615][  0]LogTemp: Display: Loaded TP TVOSTargetPlatform
[2019.01.16-19.59.04:616][  0]LogTemp: Display: Loaded TP TVOSTargetPlatform
[2019.01.16-19.59.04:626][  0]LogTemp: Display: Loaded TP LinuxClientTargetPlatform
[2019.01.16-19.59.04:636][  0]LogTemp: Display: Loaded TP LinuxNoEditorTargetPlatform
[2019.01.16-19.59.04:647][  0]LogTemp: Display: Loaded TP LinuxServerTargetPlatform
[2019.01.16-19.59.04:663][  0]LogTemp: Display: Loaded TP LinuxTargetPlatform
[2019.01.16-19.59.04:670][  0]LogTemp: Display: Loaded TP LuminTargetPlatform
[2019.01.16-19.59.04:670][  0]LogTargetPlatformManager: Display: Building Assets For Windows
[2019.01.16-19.59.04:761][  0]LogXGEController: Cleaning working directory: C:/Users/u0870886/AppData/Local/Temp/UnrealXGEWorkingDir/
[2019.01.16-19.59.04:761][  0]LogXGEController: Cannot use XGE Controller as Incredibuild is not installed on this machine.
[2019.01.16-19.59.04:761][  0]LogShaderCompilers: Cannot use XGE Shader Compiler as Incredibuild is not installed on this machine.
[2019.01.16-19.59.04:761][  0]LogShaderCompilers: Display: Using Local Shader Compiler.
[2019.01.16-19.59.06:354][  0]LogDerivedDataCache: Display: Max Cache Size: 512 MB
[2019.01.16-19.59.06:612][  0]LogDerivedDataCache: Loaded boot cache 0.26s 71MB C:/Users/u0870886/AppData/Local/UnrealEngine/4.20/DerivedDataCache/Boot.ddc.
[2019.01.16-19.59.06:612][  0]LogDerivedDataCache: Display: Loaded Boot cache: C:/Users/u0870886/AppData/Local/UnrealEngine/4.20/DerivedDataCache/Boot.ddc
[2019.01.16-19.59.06:612][  0]LogDerivedDataCache: FDerivedDataBackendGraph:  Pak pak cache file ../../../../../../Users/u0870886/Documents/GitHub/JDAO_AssetPipeline/JD_WB_InClass_Sec2/DerivedDataCache/DDC.ddp not found, will not use a pak cache.
[2019.01.16-19.59.06:612][  0]LogDerivedDataCache: Unable to find inner node Pak for hierarchical cache Hierarchy.
[2019.01.16-19.59.06:612][  0]LogDerivedDataCache: FDerivedDataBackendGraph:  CompressedPak pak cache file ../../../../../../Users/u0870886/Documents/GitHub/JDAO_AssetPipeline/JD_WB_InClass_Sec2/DerivedDataCache/Compressed.ddp not found, will not use a pak cache.
[2019.01.16-19.59.06:612][  0]LogDerivedDataCache: Unable to find inner node CompressedPak for hierarchical cache Hierarchy.
[2019.01.16-19.59.06:631][  0]LogDerivedDataCache: Display: Pak cache opened for reading ../../../Engine/DerivedDataCache/Compressed.ddp.
[2019.01.16-19.59.06:643][  0]LogDerivedDataCache: Using Local data cache path C:/Users/u0870886/AppData/Local/UnrealEngine/Common/DerivedDataCache: Writable
[2019.01.16-19.59.06:643][  0]LogDerivedDataCache: Shared data cache path not found in *engine.ini, will not use an Shared cache.
[2019.01.16-19.59.06:643][  0]LogDerivedDataCache: Unable to find inner node Shared for hierarchical cache Hierarchy.
[2019.01.16-19.59.06:658][  0]LogMaterial: Verifying Global Shaders for PCD3D_SM5
[2019.01.16-19.59.06:659][  0]LogSlate: Using FreeType 2.6.0
[2019.01.16-19.59.06:670][  0]LogSlate: SlateFontServices - WITH_FREETYPE: 1, WITH_HARFBUZZ: 1
[2019.01.16-19.59.06:868][  0]LogAssetRegistry: FAssetRegistry took 0.0261 seconds to start up
[2019.01.16-19.59.07:157][  0]LogInit: Selected Device Profile: [Windows]
[2019.01.16-19.59.07:397][  0]LogSimplygon: Simplygon DLL not present - disabling.
[2019.01.16-19.59.07:400][  0]LogMeshReduction: Using SimplygonSwarm for distributed automatic mesh merging
[2019.01.16-19.59.07:400][  0]LogMeshReduction: Using ProxyLODMeshReduction for automatic mesh merging
[2019.01.16-19.59.07:400][  0]LogMeshReduction: Using QuadricMeshReduction for automatic static mesh reduction
[2019.01.16-19.59.07:400][  0]LogMeshReduction: No automatic skeletal mesh reduction module available
[2019.01.16-19.59.07:434][  0]LogNetVersion: JD_WB_InClass_Sec2 1.0.0, NetCL: 4212847, EngineNetVer: 5, GameNetVer: 0 (Checksum: 1460274434)
[2019.01.16-19.59.08:523][  0]LogPackageLocalizationCache: Processed 11 localized package path(s) for 2 prioritized culture(s) in 0.107591 seconds
[2019.01.16-19.59.08:530][  0]LogUObjectArray: 38425 objects as part of root set at end of initial load.
[2019.01.16-19.59.08:530][  0]LogUObjectAllocator: 6690864 out of 0 bytes used by permanent object pool.
[2019.01.16-19.59.08:530][  0]LogUObjectArray: CloseDisregardForGC: 0/0 objects in disregard for GC pool
[2019.01.16-19.59.10:853][  0]LogTcpMessaging: Initializing TcpMessaging bridge
[2019.01.16-19.59.10:867][  0]LogUdpMessaging: Initializing bridge on interface 0.0.0.0:0 to multicast group 230.0.0.1:6666.
[2019.01.16-19.59.11:079][  0]SourceControl: Source control is disabled
[2019.01.16-19.59.11:079][  0]SourceControl: Source control is disabled
[2019.01.16-19.59.11:081][  0]SourceControl: Source control is disabled
[2019.01.16-19.59.11:082][  0]SourceControl: Source control is disabled
[2019.01.16-19.59.11:274][  0]LogAndroidPermission: UAndroidPermissionCallbackProxy::GetInstance
[2019.01.16-19.59.11:356][  0]LogOcInput: OculusInput pre-init called
[2019.01.16-19.59.11:435][  0]LogEngine: Initializing Engine...
[2019.01.16-19.59.11:435][  0]LogHMD: Failed to initialize OpenVR with code 110
[2019.01.16-19.59.11:436][  0]LogStats: UGameplayTagsManager::ConstructGameplayTagTree: ImportINI prefixes -  0.000 s
[2019.01.16-19.59.11:436][  0]LogStats: UGameplayTagsManager::ConstructGameplayTagTree: Construct from data asset -  0.000 s
[2019.01.16-19.59.11:436][  0]LogStats: UGameplayTagsManager::ConstructGameplayTagTree: ImportINI -  0.000 s
[2019.01.16-19.59.11:436][  0]LogStats: UGameplayTagsManager::ConstructGameplayTagTree: GameplayTagTreeChangedEvent.Broadcast -  0.000 s
[2019.01.16-19.59.11:818][  0]LogInit: Initializing FReadOnlyCVARCache
[2019.01.16-19.59.11:829][  0]LogAIModule: Creating AISystem for world Untitled
[2019.01.16-19.59.11:849][  0]LogInit: XAudio2 using '1 - CintiqPro24P (AMD High Definition Audio Device)' : 2 channels at 48 kHz using 16 bits per sample (channel mask 0x3)
[2019.01.16-19.59.11:879][  0]LogInit: FAudioDevice initialized.
[2019.01.16-19.59.11:879][  0]LogNetVersion: Set ProjectVersion to 1.0.0.0. Version Checksum will be recalculated on next use.
[2019.01.16-19.59.11:960][  0]LogDerivedDataCache: Saved boot cache 0.08s 71MB C:/Users/u0870886/AppData/Local/UnrealEngine/4.20/DerivedDataCache/Boot.ddc.
[2019.01.16-19.59.11:975][  0]LogInit: Texture streaming: Enabled
[2019.01.16-19.59.11:995][  0]LogEngineSessionManager: EngineSessionManager initialized
[2019.01.16-19.59.12:011][  0]LogInit: Transaction tracking system initialized
[2019.01.16-19.59.12:039][  0]BlueprintLog: New page: Editor Load
[2019.01.16-19.59.12:124][  0]LocalizationService: Localization service is disabled
[2019.01.16-19.59.12:608][  0]LogCook: Display: Max memory allowance for cook 16384mb min free memory 0mb
[2019.01.16-19.59.12:608][  0]LogCook: Display: Mobile HDR setting 1
[2019.01.16-19.59.12:608][  0]LogGameplayTags: Display: UGameplayTagsManager::DoneAddingNativeTags. DelegateIsBound: 0
[2019.01.16-19.59.12:608][  0]LogStats: UGameplayTagsManager::ConstructGameplayTagTree: ImportINI prefixes -  0.000 s
[2019.01.16-19.59.12:608][  0]LogStats: UGameplayTagsManager::ConstructGameplayTagTree: Construct from data asset -  0.000 s
[2019.01.16-19.59.12:608][  0]LogStats: UGameplayTagsManager::ConstructGameplayTagTree: ImportINI -  0.000 s
[2019.01.16-19.59.12:608][  0]LogStats: UGameplayTagsManager::ConstructGameplayTagTree: GameplayTagTreeChangedEvent.Broadcast -  0.000 s
[2019.01.16-19.59.12:794][  0]LogFileCache: Scanning file cache for directory 'C:/Users/u0870886/Documents/GitHub/JDAO_AssetPipeline/JD_WB_InClass_Sec2/Content/' took 0.02s
[2019.01.16-19.59.12:794][  0]SourceControl: Source control is disabled
[2019.01.16-19.59.12:795][  0]Cmd: MAP LOAD FILE="../../../Engine/Content/Maps/Templates/Template_Default.umap" TEMPLATE=1 SHOWPROGRESS=1 FEATURELEVEL=3
[2019.01.16-19.59.12:800][  0]LightingResults: New page: Lighting Build
[2019.01.16-19.59.12:803][  0]MapCheck: New page: Map Check
[2019.01.16-19.59.12:803][  0]LightingResults: New page: Lighting Build
[2019.01.16-19.59.13:102][  0]LogAIModule: Creating AISystem for world Untitled_1
[2019.01.16-19.59.13:115][  0]LogEditorServer: Finished looking for orphan Actors (0.000 secs)
[2019.01.16-19.59.13:136][  0]Cmd: MAP CHECKDEP NOCLEARLOG
[2019.01.16-19.59.13:206][  0]MapCheck: Map check complete: 0 Error(s), 0 Warning(s), took 69.91ms to complete.
[2019.01.16-19.59.13:206][  0]LogFileHelpers: Loading map 'Template_Default' took 0.412
[2019.01.16-19.59.13:315][  0]LogSlate: Updating window title bar state: overlay mode, drag disabled, window buttons hidden, title bar hidden
[2019.01.16-19.59.13:322][  0]LogSlate: Updating window title bar state: overlay mode, drag disabled, window buttons hidden, title bar hidden
[2019.01.16-19.59.13:329][  0]LogSlate: Updating window title bar state: overlay mode, drag disabled, window buttons hidden, title bar hidden
[2019.01.16-19.59.13:336][  0]LogSlate: Updating window title bar state: overlay mode, drag disabled, window buttons hidden, title bar hidden
[2019.01.16-19.59.13:348][  0]LogCollectionManager: Loaded 0 collections in 0.002210 seconds
[2019.01.16-19.59.13:389][  0]LogFileCache: Scanning file cache for directory 'C:/Users/u0870886/Documents/GitHub/JDAO_AssetPipeline/JD_WB_InClass_Sec2/Saved/Collections/' took 0.01s
[2019.01.16-19.59.13:389][  0]LogFileCache: Scanning file cache for directory 'C:/Users/u0870886/Documents/GitHub/JDAO_AssetPipeline/JD_WB_InClass_Sec2/Content/Developers/u0870886/Collections/' took 0.01s
[2019.01.16-19.59.13:389][  0]LogFileCache: Scanning file cache for directory 'C:/Users/u0870886/Documents/GitHub/JDAO_AssetPipeline/JD_WB_InClass_Sec2/Content/Collections/' took 0.01s
[2019.01.16-19.59.13:389][  0]LogCollectionManager: Rebuilt the GUID cache for 0 collections in 0.000000 seconds
[2019.01.16-19.59.13:397][  0]LogContentBrowser: Native class hierarchy populated in 0.0078 seconds. Added 2572 classes and 603 folders.
[2019.01.16-19.59.13:404][  0]LogContentBrowser: Native class hierarchy updated for 'WidgetCarousel' in 0.0003 seconds. Added 0 classes and 0 folders.
[2019.01.16-19.59.13:754][  0]LogContentBrowser: Native class hierarchy updated for 'AddContentDialog' in 0.0003 seconds. Added 0 classes and 0 folders.
[2019.01.16-19.59.13:759][  0]LogContentBrowser: Native class hierarchy updated for 'SceneOutliner' in 0.0002 seconds. Added 1 classes and 2 folders.
[2019.01.16-19.59.13:781][  0]LogSlate: Took 0.005489 seconds to synchronously load lazily loaded font '../../../Engine/Content/Slate/Fonts/Roboto-Regular.ttf' (155K)
[2019.01.16-19.59.13:787][  0]LogSlate: Took 0.004005 seconds to synchronously load lazily loaded font '../../../Engine/Content/Slate/Fonts/Roboto-Bold.ttf' (160K)
[2019.01.16-19.59.13:798][  0]LogSlate: Took 0.006040 seconds to synchronously load lazily loaded font '../../../Engine/Content/Editor/Slate/Fonts/FontAwesome.ttf' (139K)
[2019.01.16-19.59.13:943][  0]LogRenderer: Reallocating scene render targets to support 1208x576 Format 10 NumSamples 1 (Frame:1).
[2019.01.16-19.59.14:152][  0]LogContentBrowser: Native class hierarchy updated for 'HierarchicalLODOutliner' in 0.0002 seconds. Added 0 classes and 0 folders.
[2019.01.16-19.59.14:152][  0]LogLoad: (Engine Initialization) Total time: 15.71 seconds
[2019.01.16-19.59.14:152][  0]LogLoad: (Engine Initialization) Total Blueprint compile time: 0.00 seconds
[2019.01.16-19.59.14:188][  0]LogContentStreaming: Texture pool size now 1000 MB
[2019.01.16-19.59.14:293][  1]LogAssetRegistry: Asset discovery search completed in 7.4467 seconds
[2019.01.16-19.59.14:294][  1]LogCollectionManager: Rebuilt the object cache for 0 collections in 0.000000 seconds (found 0 objects)
[2019.01.16-19.59.14:294][  1]LogCollectionManager: Fixed up redirectors for 0 collections in 0.000045 seconds (updated 0 objects)
[2019.01.16-19.59.40:219][714]LogSlate: FSceneViewport::OnFocusLost() reason 0
[2019.01.16-19.59.40:362][729]LogSlate: Took 0.015270 seconds to synchronously load lazily loaded font '../../../Engine/Content/Slate/Fonts/Roboto-Light.ttf' (167K)
[2019.01.16-19.59.40:461][729]LogAIModule: Creating AISystem for world JD_WBStreet
[2019.01.16-19.59.40:472][729]LogAssetEditorManager: Opening Asset editor for World /Game/JD_WBStreet.JD_WBStreet
[2019.01.16-19.59.40:493][729]Cmd: MAP LOAD FILE="../../../../../../Users/u0870886/Documents/GitHub/JDAO_AssetPipeline/JD_WB_InClass_Sec2/Content/JD_WBStreet.umap" TEMPLATE=0 SHOWPROGRESS=1 FEATURELEVEL=3
[2019.01.16-19.59.40:493][729]LightingResults: New page: Lighting Build
[2019.01.16-19.59.40:493][729]LoadErrors: New page: Loading map: JD_WBStreet.umap
[2019.01.16-19.59.40:494][729]MapCheck: New page: Map Check
[2019.01.16-19.59.40:494][729]LightingResults: New page: Lighting Build
[2019.01.16-19.59.40:517][729]LogEditorServer: Finished looking for orphan Actors (0.000 secs)
[2019.01.16-19.59.40:556][729]Cmd: MAP CHECKDEP NOCLEARLOG
[2019.01.16-19.59.40:615][729]MapCheck: Map check complete: 0 Error(s), 0 Warning(s), took 59.019ms to complete.
[2019.01.16-19.59.40:615][729]LogFileHelpers: Loading map 'JD_WBStreet' took 0.123
[2019.01.16-20.00.06:983][805]Cmd: CAMERA ALIGN ACTIVEVIEWPORTONLY
[2019.01.16-20.00.11:977][333]LogSlate: FSceneViewport::OnFocusLost() reason 0
[2019.01.16-20.01.03:033][671]LogEditorViewport: Clicking on Actor (LMB): BP_Sky_Sphere_C (Sky Sphere)
[2019.01.16-20.01.04:221][806]Cmd: TRANSACTION UNDO
[2019.01.16-20.01.04:221][806]LogEditorTransaction: Undo Clicking on Actors
[2019.01.16-20.01.04:698][839]Cmd: TRANSACTION UNDO
[2019.01.16-20.01.04:698][839]LogEditorTransaction: Undo Apply Material to Selected Surfaces
[2019.01.16-20.01.06:922][ 74]LogEditorViewport: Clicking on Actor (LMB): BP_Sky_Sphere_C (Sky Sphere)
[2019.01.16-20.01.10:611][493]Cmd: TRANSACTION UNDO
[2019.01.16-20.01.10:611][493]LogEditorTransaction: Undo Apply Material to Selected Surfaces
[2019.01.16-20.01.11:569][597]LogEditorViewport: Clicking on Actor (LMB): BP_Sky_Sphere_C (Sky Sphere)
[2019.01.16-20.09.40:237][761]LogSlate: FSceneViewport::OnFocusLost() reason 2
[2019.01.16-20.09.40:409][761]LogSavePackage: Moving '../../../../../../Users/u0870886/Documents/GitHub/JDAO_AssetPipeline/JD_WB_InClass_Sec2/Saved/JD_WBStreet_Auto162D5021E4B074259793440B7326A7911.tmp' to '../../../../../../Users/u0870886/Documents/GitHub/JDAO_AssetPipeline/JD_WB_InClass_Sec2/Saved/Autosaves/Game/JD_WBStreet_Auto1.umap'
[2019.01.16-20.09.40:412][761]LogFileHelpers: Editor autosave (incl. sublevels) for '/Game/JD_WBStreet' took 0.136
[2019.01.16-20.09.40:412][761]LogFileHelpers: Editor autosave (incl. sublevels) for all levels took 0.136
[2019.01.16-20.11.39:663][709]LogSlate: FSceneViewport::OnFocusLost() reason 0
[2019.01.16-20.11.43:543][153]LogSlate: FSceneViewport::OnFocusLost() reason 0
[2019.01.16-20.15.33:328][452]Cmd: CAMERA ALIGN ACTIVEVIEWPORTONLY
[2019.01.16-20.17.23:490][892]Cmd: TRANSACTION UNDO
[2019.01.16-20.17.23:490][892]LogEditorTransaction: Undo Move Actors
[2019.01.16-20.17.23:522][892]LogActorComponent: ~FComponentReregisterContext: (/Game/JD_WBStreet.JD_WBStreet:PersistentLevel.Brush_Street_40.BrushComponent0) Component already registered.
[2019.01.16-20.17.23:524][892]LogActorComponent: ~FComponentReregisterContext: (/Game/JD_WBStreet.JD_WBStreet:PersistentLevel.Brush_Sidewalk_24.BrushComponent0) Component already registered.
[2019.01.16-20.17.23:525][892]LogActorComponent: ~FComponentReregisterContext: (/Game/JD_WBStreet.JD_WBStreet:PersistentLevel.Brush_Street_8.BrushComponent0) Component already registered.
[2019.01.16-20.17.23:526][892]LogActorComponent: ~FComponentReregisterContext: (/Game/JD_WBStreet.JD_WBStreet:PersistentLevel.Brush_Sidewalk_13.BrushComponent0) Component already registered.
[2019.01.16-20.17.23:870][925]Cmd: TRANSACTION UNDO
[2019.01.16-20.17.23:870][925]LogEditorTransaction: Undo Move Actors
[2019.01.16-20.17.24:257][958]Cmd: TRANSACTION UNDO
[2019.01.16-20.17.24:257][958]LogEditorTransaction: Undo Move Actors
[2019.01.16-20.17.24:293][958]LogActorComponent: ~FComponentReregisterContext: (/Game/JD_WBStreet.JD_WBStreet:PersistentLevel.Brush_Street_12.BrushComponent0) Component already registered.
[2019.01.16-20.17.24:294][958]LogActorComponent: ~FComponentReregisterContext: (/Game/JD_WBStreet.JD_WBStreet:PersistentLevel.Brush_Street_14.BrushComponent0) Component already registered.
[2019.01.16-20.17.24:294][958]LogActorComponent: ~FComponentReregisterContext: (/Game/JD_WBStreet.JD_WBStreet:PersistentLevel.Brush_Street_24.BrushComponent0) Component already registered.
[2019.01.16-20.17.24:294][958]LogActorComponent: ~FComponentReregisterContext: (/Game/JD_WBStreet.JD_WBStreet:PersistentLevel.Brush_Street_42.BrushComponent0) Component already registered.
[2019.01.16-20.17.24:295][958]LogActorComponent: ~FComponentReregisterContext: (/Game/JD_WBStreet.JD_WBStreet:PersistentLevel.Brush_Street_18.BrushComponent0) Component already registered.
[2019.01.16-20.17.24:296][958]LogActorComponent: ~FComponentReregisterContext: (/Game/JD_WBStreet.JD_WBStreet:PersistentLevel.Brush_Sidewalk_6.BrushComponent0) Component already registered.
[2019.01.16-20.17.24:297][958]LogActorComponent: ~FComponentReregisterContext: (/Game/JD_WBStreet.JD_WBStreet:PersistentLevel.Brush_Sidewalk_8.BrushComponent0) Component already registered.
[2019.01.16-20.17.24:297][958]LogActorComponent: ~FComponentReregisterContext: (/Game/JD_WBStreet.JD_WBStreet:PersistentLevel.Brush_Street_34.BrushComponent0) Component already registered.
[2019.01.16-20.17.24:297][958]LogActorComponent: ~FComponentReregisterContext: (/Game/JD_WBStreet.JD_WBStreet:PersistentLevel.Brush_Sidewalk_20.BrushComponent0) Component already registered.
[2019.01.16-20.17.29:854][583]LogSlate: FSceneViewport::OnFocusLost() reason 2
[2019.01.16-20.17.30:305][636]LogSlate: FSceneViewport::OnFocusLost() reason 2
[2019.01.16-20.17.30:368][642]LogSlate: FSceneViewport::OnFocusLost() reason 2
[2019.01.16-20.17.30:559][664]LogSlate: FSceneViewport::OnFocusLost() reason 2
[2019.01.16-20.17.33:912][ 62]Cmd: CAMERA ALIGN ACTIVEVIEWPORTONLY
[2019.01.16-20.17.38:148][560]Cmd: TRANSACTION UNDO
[2019.01.16-20.17.38:148][560]LogEditorTransaction: Undo Move Actors
[2019.01.16-20.17.38:174][560]LogActorComponent: ~FComponentReregisterContext: (/Game/JD_WBStreet.JD_WBStreet:PersistentLevel.Brush_Street_20.BrushComponent0) Component already registered.
[2019.01.16-20.17.48:739][795]Cmd: TRANSACTION UNDO
[2019.01.16-20.17.48:739][795]LogEditorTransaction: Undo Move Actors
[2019.01.16-20.17.48:765][795]LogActorComponent: ~FComponentReregisterContext: (/Game/JD_WBStreet.JD_WBStreet:PersistentLevel.Brush_Street_13.BrushComponent0) Component already registered.
[2019.01.16-20.17.48:766][795]LogActorComponent: ~FComponentReregisterContext: (/Game/JD_WBStreet.JD_WBStreet:PersistentLevel.Brush_Street_18.BrushComponent0) Component already registered.
[2019.01.16-20.17.48:767][795]LogActorComponent: ~FComponentReregisterContext: (/Game/JD_WBStreet.JD_WBStreet:PersistentLevel.Brush_Street_2.BrushComponent0) Component already registered.
[2019.01.16-20.17.48:768][795]LogActorComponent: ~FComponentReregisterContext: (/Game/JD_WBStreet.JD_WBStreet:PersistentLevel.Brush_Street_5.BrushComponent0) Component already registered.
[2019.01.16-20.17.48:768][795]LogActorComponent: ~FComponentReregisterContext: (/Game/JD_WBStreet.JD_WBStreet:PersistentLevel.Brush_Sidewalk_13.BrushComponent0) Component already registered.
[2019.01.16-20.17.48:768][795]LogActorComponent: ~FComponentReregisterContext: (/Game/JD_WBStreet.JD_WBStreet:PersistentLevel.Brush_Sidewalk_10.BrushComponent0) Component already registered.
[2019.01.16-20.17.48:769][795]LogActorComponent: ~FComponentReregisterContext: (/Game/JD_WBStreet.JD_WBStreet:PersistentLevel.Brush_Street_27.BrushComponent0) Component already registered.
[2019.01.16-20.17.48:769][795]LogActorComponent: ~FComponentReregisterContext: (/Game/JD_WBStreet.JD_WBStreet:PersistentLevel.Brush_Sidewalk_4.BrushComponent0) Component already registered.
[2019.01.16-20.17.48:770][795]LogActorComponent: ~FComponentReregisterContext: (/Game/JD_WBStreet.JD_WBStreet:PersistentLevel.Brush_Sidewalk_1.BrushComponent0) Component already registered.
[2019.01.16-20.17.49:301][853]Cmd: TRANSACTION UNDO
[2019.01.16-20.17.49:301][853]LogEditorTransaction: Undo Move Actors
[2019.01.16-20.17.49:331][853]LogActorComponent: ~FComponentReregisterContext: (/Game/JD_WBStreet.JD_WBStreet:PersistentLevel.Brush_Street_12.BrushComponent0) Component already registered.
[2019.01.16-20.17.49:331][853]LogActorComponent: ~FComponentReregisterContext: (/Game/JD_WBStreet.JD_WBStreet:PersistentLevel.Brush_Street_14.BrushComponent0) Component already registered.
[2019.01.16-20.17.49:332][853]LogActorComponent: ~FComponentReregisterContext: (/Game/JD_WBStreet.JD_WBStreet:PersistentLevel.Brush_Street_24.BrushComponent0) Component already registered.
[2019.01.16-20.17.49:332][853]LogActorComponent: ~FComponentReregisterContext: (/Game/JD_WBStreet.JD_WBStreet:PersistentLevel.Brush_Street_42.BrushComponent0) Component already registered.
[2019.01.16-20.17.49:332][853]LogActorComponent: ~FComponentReregisterContext: (/Game/JD_WBStreet.JD_WBStreet:PersistentLevel.Brush_Street_18.BrushComponent0) Component already registered.
[2019.01.16-20.17.49:334][853]LogActorComponent: ~FComponentReregisterContext: (/Game/JD_WBStreet.JD_WBStreet:PersistentLevel.Brush_Sidewalk_6.BrushComponent0) Component already registered.
[2019.01.16-20.17.49:334][853]LogActorComponent: ~FComponentReregisterContext: (/Game/JD_WBStreet.JD_WBStreet:PersistentLevel.Brush_Sidewalk_8.BrushComponent0) Component already registered.
[2019.01.16-20.17.49:334][853]LogActorComponent: ~FComponentReregisterContext: (/Game/JD_WBStreet.JD_WBStreet:PersistentLevel.Brush_Street_34.BrushComponent0) Component already registered.
[2019.01.16-20.17.49:335][853]LogActorComponent: ~FComponentReregisterContext: (/Game/JD_WBStreet.JD_WBStreet:PersistentLevel.Brush_Sidewalk_20.BrushComponent0) Component already registered.
[2019.01.16-20.17.51:000][ 48]Cmd: TRANSACTION REDO
[2019.01.16-20.17.51:000][ 48]LogEditorTransaction: Redo Move Actors
[2019.01.16-20.17.59:854][ 89]Cmd: TRANSACTION UNDO
[2019.01.16-20.17.59:854][ 89]LogEditorTransaction: Undo Move Actors
[2019.01.16-20.17.59:881][ 89]LogActorComponent: ~FComponentReregisterContext: (/Game/JD_WBStreet.JD_WBStreet:PersistentLevel.Brush_Street_12.BrushComponent0) Component already registered.
[2019.01.16-20.17.59:881][ 89]LogActorComponent: ~FComponentReregisterContext: (/Game/JD_WBStreet.JD_WBStreet:PersistentLevel.Brush_Street_14.BrushComponent0) Component already registered.
[2019.01.16-20.17.59:882][ 89]LogActorComponent: ~FComponentReregisterContext: (/Game/JD_WBStreet.JD_WBStreet:PersistentLevel.Brush_Street_24.BrushComponent0) Component already registered.
[2019.01.16-20.17.59:882][ 89]LogActorComponent: ~FComponentReregisterContext: (/Game/JD_WBStreet.JD_WBStreet:PersistentLevel.Brush_Street_42.BrushComponent0) Component already registered.
[2019.01.16-20.17.59:882][ 89]LogActorComponent: ~FComponentReregisterContext: (/Game/JD_WBStreet.JD_WBStreet:PersistentLevel.Brush_Street_18.BrushComponent0) Component already registered.
[2019.01.16-20.17.59:884][ 89]LogActorComponent: ~FComponentReregisterContext: (/Game/JD_WBStreet.JD_WBStreet:PersistentLevel.Brush_Sidewalk_6.BrushComponent0) Component already registered.
[2019.01.16-20.17.59:884][ 89]LogActorComponent: ~FComponentReregisterContext: (/Game/JD_WBStreet.JD_WBStreet:PersistentLevel.Brush_Sidewalk_8.BrushComponent0) Component already registered.
[2019.01.16-20.17.59:884][ 89]LogActorComponent: ~FComponentReregisterContext: (/Game/JD_WBStreet.JD_WBStreet:PersistentLevel.Brush_Street_34.BrushComponent0) Component already registered.
[2019.01.16-20.17.59:885][ 89]LogActorComponent: ~FComponentReregisterContext: (/Game/JD_WBStreet.JD_WBStreet:PersistentLevel.Brush_Sidewalk_20.BrushComponent0) Component already registered.
[2019.01.16-20.18.10:446][316]Cmd: CAMERA ALIGN ACTIVEVIEWPORTONLY
[2019.01.16-20.18.17:964][180]Cmd: CAMERA ALIGN ACTIVEVIEWPORTONLY
[2019.01.16-20.18.20:055][411]Cmd: CAMERA ALIGN ACTIVEVIEWPORTONLY
[2019.01.16-20.18.26:580][128]Cmd: CAMERA ALIGN ACTIVEVIEWPORTONLY
[2019.01.16-20.18.34:334][ 34]Cmd: CAMERA ALIGN ACTIVEVIEWPORTONLY
[2019.01.16-20.19.50:304][528]LogEditorViewport: Clicking Background
[2019.01.16-20.20.08:642][617]Cmd: CAMERA ALIGN ACTIVEVIEWPORTONLY
[2019.01.16-20.20.53:504][692]Cmd: TRANSACTION UNDO
[2019.01.16-20.20.53:504][692]LogEditorTransaction: Undo Move Actors
[2019.01.16-20.20.53:574][692]LogActorComponent: ~FComponentReregisterContext: (/Game/JD_WBStreet.JD_WBStreet:PersistentLevel.Brush_Sidewalk_12.BrushComponent0) Component already registered.
[2019.01.16-20.20.53:574][692]LogActorComponent: ~FComponentReregisterContext: (/Game/JD_WBStreet.JD_WBStreet:PersistentLevel.Brush_Sidewalk_8.BrushComponent0) Component already registered.
[2019.01.16-20.20.53:575][692]LogActorComponent: ~FComponentReregisterContext: (/Game/JD_WBStreet.JD_WBStreet:PersistentLevel.Brush_Street_33.BrushComponent0) Component already registered.
[2019.01.16-20.20.53:575][692]LogActorComponent: ~FComponentReregisterContext: (/Game/JD_WBStreet.JD_WBStreet:PersistentLevel.Brush_Street_30.BrushComponent0) Component already registered.
[2019.01.16-20.20.53:575][692]LogActorComponent: ~FComponentReregisterContext: (/Game/JD_WBStreet.JD_WBStreet:PersistentLevel.Brush_Sidewalk_5.BrushComponent0) Component already registered.
[2019.01.16-20.20.53:576][692]LogActorComponent: ~FComponentReregisterContext: (/Game/JD_WBStreet.JD_WBStreet:PersistentLevel.Brush_Sidewalk_1.BrushComponent0) Component already registered.
[2019.01.16-20.20.53:576][692]LogActorComponent: ~FComponentReregisterContext: (/Game/JD_WBStreet.JD_WBStreet:PersistentLevel.Brush_Street_107.BrushComponent0) Component already registered.
[2019.01.16-20.20.53:576][692]LogActorComponent: ~FComponentReregisterContext: (/Game/JD_WBStreet.JD_WBStreet:PersistentLevel.Brush_Street_48.BrushComponent0) Component already registered.
[2019.01.16-20.20.53:576][692]LogActorComponent: ~FComponentReregisterContext: (/Game/JD_WBStreet.JD_WBStreet:PersistentLevel.Brush_Street_56.BrushComponent0) Component already registered.
[2019.01.16-20.20.53:576][692]LogActorComponent: ~FComponentReregisterContext: (/Game/JD_WBStreet.JD_WBStreet:PersistentLevel.Brush_Street_108.BrushComponent0) Component already registered.
[2019.01.16-20.20.53:576][692]LogActorComponent: ~FComponentReregisterContext: (/Game/JD_WBStreet.JD_WBStreet:PersistentLevel.Brush_Street_116.BrushComponent0) Component already registered.
[2019.01.16-20.20.53:577][692]LogActorComponent: ~FComponentReregisterContext: (/Game/JD_WBStreet.JD_WBStreet:PersistentLevel.Brush_Street_86.BrushComponent0) Component already registered.
[2019.01.16-20.20.53:577][692]LogActorComponent: ~FComponentReregisterContext: (/Game/JD_WBStreet.JD_WBStreet:PersistentLevel.Brush_Sidewalk_20.BrushComponent0) Component already registered.
[2019.01.16-20.20.53:577][692]LogActorComponent: ~FComponentReregisterContext: (/Game/JD_WBStreet.JD_WBStreet:PersistentLevel.Brush_Sidewalk_21.BrushComponent0) Component already registered.
[2019.01.16-20.20.53:577][692]LogActorComponent: ~FComponentReregisterContext: (/Game/JD_WBStreet.JD_WBStreet:PersistentLevel.Brush_Street_45.BrushComponent0) Component already registered.
[2019.01.16-20.20.53:577][692]LogActorComponent: ~FComponentReregisterContext: (/Game/JD_WBStreet.JD_WBStreet:PersistentLevel.Brush_Sidewalk_22.BrushComponent0) Component already registered.
[2019.01.16-20.20.53:577][692]LogActorComponent: ~FComponentReregisterContext: (/Game/JD_WBStreet.JD_WBStreet:PersistentLevel.Brush_Street_134.BrushComponent0) Component already registered.
[2019.01.16-20.20.53:583][692]LogActorComponent: ~FComponentReregisterContext: (/Game/JD_WBStreet.JD_WBStreet:PersistentLevel.Brush_Street_121.BrushComponent0) Component already registered.
[2019.01.16-20.20.53:583][692]LogActorComponent: ~FComponentReregisterContext: (/Game/JD_WBStreet.JD_WBStreet:PersistentLevel.Brush_Street_242.BrushComponent0) Component already registered.
[2019.01.16-20.20.53:583][692]LogActorComponent: ~FComponentReregisterContext: (/Game/JD_WBStreet.JD_WBStreet:PersistentLevel.Brush_Sidewalk_56.BrushComponent0) Component already registered.
[2019.01.16-20.20.53:584][692]LogActorComponent: ~FComponentReregisterContext: (/Game/JD_WBStreet.JD_WBStreet:PersistentLevel.Brush_Street_119.BrushComponent0) Component already registered.
[2019.01.16-20.20.53:585][692]LogActorComponent: ~FComponentReregisterContext: (/Game/JD_WBStreet.JD_WBStreet:PersistentLevel.Brush_Street_21.BrushComponent0) Component already registered.
[2019.01.16-20.20.53:586][692]LogActorComponent: ~FComponentReregisterContext: (/Game/JD_WBStreet.JD_WBStreet:PersistentLevel.Brush_Street_18.BrushComponent0) Component already registered.
[2019.01.16-20.20.53:587][692]LogActorComponent: ~FComponentReregisterContext: (/Game/JD_WBStreet.JD_WBStreet:PersistentLevel.Brush_Street_17.BrushComponent0) Component already registered.
[2019.01.16-20.20.53:587][692]LogActorComponent: ~FComponentReregisterContext: (/Game/JD_WBStreet.JD_WBStreet:PersistentLevel.Brush_Street_6.BrushComponent0) Component already registered.
[2019.01.16-20.20.53:588][692]LogActorComponent: ~FComponentReregisterContext: (/Game/JD_WBStreet.JD_WBStreet:PersistentLevel.CylinderBrush.BrushComponent0) Component already registered.
[2019.01.16-20.20.53:588][692]LogActorComponent: ~FComponentReregisterContext: (/Game/JD_WBStreet.JD_WBStreet:PersistentLevel.Brush_Street_13.BrushComponent0) Component already registered.
[2019.01.16-20.20.53:589][692]LogActorComponent: ~FComponentReregisterContext: (/Game/JD_WBStreet.JD_WBStreet:PersistentLevel.Brush_Street_110.BrushComponent0) Component already registered.
[2019.01.16-20.20.53:589][692]LogActorComponent: ~FComponentReregisterContext: (/Game/JD_WBStreet.JD_WBStreet:PersistentLevel.Brush_Sidewalk_49.BrushComponent0) Component already registered.
[2019.01.16-20.20.53:590][692]LogActorComponent: ~FComponentReregisterContext: (/Game/JD_WBStreet.JD_WBStreet:PersistentLevel.Brush_Street_99.BrushComponent0) Component already registered.
[2019.01.16-20.20.53:590][692]LogActorComponent: ~FComponentReregisterContext: (/Game/JD_WBStreet.JD_WBStreet:PersistentLevel.Brush_Street_217.BrushComponent0) Component already registered.
[2019.01.16-20.20.53:591][692]LogActorComponent: ~FComponentReregisterContext: (/Game/JD_WBStreet.JD_WBStreet:PersistentLevel.Brush_Street_220.BrushComponent0) Component already registered.
[2019.01.16-20.20.53:591][692]LogActorComponent: ~FComponentReregisterContext: (/Game/JD_WBStreet.JD_WBStreet:PersistentLevel.Brush_Street_102.BrushComponent0) Component already registered.
[2019.01.16-20.20.53:591][692]LogActorComponent: ~FComponentReregisterContext: (/Game/JD_WBStreet.JD_WBStreet:PersistentLevel.Brush_Street_140.BrushComponent0) Component already registered.
[2019.01.16-20.20.53:592][692]LogActorComponent: ~FComponentReregisterContext: (/Game/JD_WBStreet.JD_WBStreet:PersistentLevel.Brush_Street_145.BrushComponent0) Component already registered.
[2019.01.16-20.20.53:592][692]LogActorComponent: ~FComponentReregisterContext: (/Game/JD_WBStreet.JD_WBStreet:PersistentLevel.Brush_Street_133.BrushComponent0) Component already registered.
[2019.01.16-20.20.53:593][692]LogActorComponent: ~FComponentReregisterContext: (/Game/JD_WBStreet.JD_WBStreet:PersistentLevel.Brush_Street_74.BrushComponent0) Component already registered.
[2019.01.16-20.20.53:593][692]LogActorComponent: ~FComponentReregisterContext: (/Game/JD_WBStreet.JD_WBStreet:PersistentLevel.Brush_Sidewalk_34.BrushComponent0) Component already registered.
[2019.01.16-20.20.53:594][692]LogActorComponent: ~FComponentReregisterContext: (/Game/JD_WBStreet.JD_WBStreet:PersistentLevel.Brush_Street_128.BrushComponent0) Component already registered.
[2019.01.16-20.20.53:594][692]LogActorComponent: ~FComponentReregisterContext: (/Game/JD_WBStreet.JD_WBStreet:PersistentLevel.Brush_Street_125.BrushComponent0) Component already registered.
[2019.01.16-20.20.53:595][692]LogActorComponent: ~FComponentReregisterContext: (/Game/JD_WBStreet.JD_WBStreet:PersistentLevel.Brush_Street_91.BrushComponent0) Component already registered.
[2019.01.16-20.20.53:595][692]LogActorComponent: ~FComponentReregisterContext: (/Game/JD_WBStreet.JD_WBStreet:PersistentLevel.Brush_Sidewalk_41.BrushComponent0) Component already registered.
[2019.01.16-20.20.53:595][692]LogActorComponent: ~FComponentReregisterContext: (/Game/JD_WBStreet.JD_WBStreet:PersistentLevel.Brush_Street_79.BrushComponent0) Component already registered.
[2019.01.16-20.20.53:596][692]LogActorComponent: ~FComponentReregisterContext: (/Game/JD_WBStreet.JD_WBStreet:PersistentLevel.Brush_Sidewalk_36.BrushComponent0) Component already registered.
[2019.01.16-20.20.53:596][692]LogActorComponent: ~FComponentReregisterContext: (/Game/JD_WBStreet.JD_WBStreet:PersistentLevel.Brush_Street_213.BrushComponent0) Component already registered.
[2019.01.16-20.20.53:596][692]LogActorComponent: ~FComponentReregisterContext: (/Game/JD_WBStreet.JD_WBStreet:PersistentLevel.Brush_Sidewalk_39.BrushComponent0) Component already registered.
[2019.01.16-20.21.03:895][851]Cmd: TRANSACTION UNDO
[2019.01.16-20.21.03:895][851]LogEditorTransaction: Undo Select Brush Surface
[2019.01.16-20.21.04:291][891]Cmd: TRANSACTION UNDO
[2019.01.16-20.21.04:291][891]LogEditorTransaction: Undo Select Brush Surface
[2019.01.16-20.21.05:428][ 14]Cmd: TRANSACTION REDO
[2019.01.16-20.21.05:428][ 14]LogEditorTransaction: Redo Select Brush Surface
[2019.01.16-20.21.05:565][ 24]Cmd: TRANSACTION REDO
[2019.01.16-20.21.05:566][ 24]LogEditorTransaction: Redo Select Brush Surface
[2019.01.16-20.21.16:136][189]Cmd: CAMERA ALIGN ACTIVEVIEWPORTONLY
[2019.01.16-20.21.19:128][545]LogEditorViewport: Clicking Background
[2019.01.16-20.21.26:605][420]LogSlate: FSceneViewport::OnFocusLost() reason 2
[2019.01.16-20.22.00:457][578]LogSavePackage: Moving '../../../../../../Users/u0870886/Documents/GitHub/JDAO_AssetPipeline/JD_WB_InClass_Sec2/Saved/JD_WBStreet_Auto2EE53C58B4F8F9662C4AE8EACFEFE8355.tmp' to '../../../../../../Users/u0870886/Documents/GitHub/JDAO_AssetPipeline/JD_WB_InClass_Sec2/Saved/Autosaves/Game/JD_WBStreet_Auto2.umap'
[2019.01.16-20.22.00:460][578]LogFileHelpers: Editor autosave (incl. sublevels) for '/Game/JD_WBStreet' took 0.461
[2019.01.16-20.22.00:460][578]LogFileHelpers: Editor autosave (incl. sublevels) for all levels took 0.461
[2019.01.16-20.22.51:341][156]Cmd: CAMERA ALIGN ACTIVEVIEWPORTONLY
[2019.01.16-20.23.04:335][650]LogEditorViewport: Clicking on Actor (LMB): BP_Sky_Sphere_C (Sky Sphere)
[2019.01.16-20.23.16:900][817]LogSlate: FSceneViewport::OnFocusLost() reason 0
[2019.01.16-20.23.25:255][739]Cmd: CAMERA ALIGN ACTIVEVIEWPORTONLY
[2019.01.16-20.23.27:694][ 29]Cmd: CAMERA ALIGN ACTIVEVIEWPORTONLY
[2019.01.16-20.23.43:735][934]Cmd: CAMERA ALIGN ACTIVEVIEWPORTONLY
[2019.01.16-20.24.37:424][808]LogSlate: FSceneViewport::OnFocusLost() reason 2
[2019.01.16-20.29.12:526][743]LogSlate: FSceneViewport::OnFocusLost() reason 0
[2019.01.16-20.30.57:204][272]LogSlate: FSceneViewport::OnFocusLost() reason 0
[2019.01.16-20.33.03:671][948]LogSlate: FSceneViewport::OnFocusLost() reason 2
[2019.01.16-20.33.14:454][222]Cmd: TRANSACTION UNDO
[2019.01.16-20.33.14:455][222]LogEditorTransaction: Undo Apply Material to Selected Surfaces
[2019.01.16-20.33.39:140][175]LogSlate: FSceneViewport::OnFocusLost() reason 2
[2019.01.16-20.33.39:588][175]LogSavePackage: Moving '../../../../../../Users/u0870886/Documents/GitHub/JDAO_AssetPipeline/JD_WB_InClass_Sec2/Saved/JD_WBStreet_Auto3F7BF56444DEB67D0F7668C8AC2C3E6BD.tmp' to '../../../../../../Users/u0870886/Documents/GitHub/JDAO_AssetPipeline/JD_WB_InClass_Sec2/Saved/Autosaves/Game/JD_WBStreet_Auto3.umap'
[2019.01.16-20.33.39:591][175]LogFileHelpers: Editor autosave (incl. sublevels) for '/Game/JD_WBStreet' took 0.441
[2019.01.16-20.33.39:591][175]LogFileHelpers: Editor autosave (incl. sublevels) for all levels took 0.441
[2019.01.16-20.35.07:351][658]LogSlate: FSceneViewport::OnFocusLost() reason 0
[2019.01.16-20.35.24:105][881]LogAIModule: Creating AISystem for world JD_WBMyCityBlock
[2019.01.16-20.40.38:709][831]LogSlate: FSceneViewport::OnFocusLost() reason 0
[2019.01.16-20.43.39:842][460]LogSavePackage: Moving '../../../../../../Users/u0870886/Documents/GitHub/JDAO_AssetPipeline/JD_WB_InClass_Sec2/Saved/JD_WBStreet_Auto45EFCA74B4F2D08AE2143FBB6F0BE4521.tmp' to '../../../../../../Users/u0870886/Documents/GitHub/JDAO_AssetPipeline/JD_WB_InClass_Sec2/Saved/Autosaves/Game/JD_WBStreet_Auto4.umap'
[2019.01.16-20.43.39:848][460]LogFileHelpers: Editor autosave (incl. sublevels) for '/Game/JD_WBStreet' took 0.405
[2019.01.16-20.43.39:848][460]LogFileHelpers: Editor autosave (incl. sublevels) for all levels took 0.405
[2019.01.16-20.43.39:850][460]OBJ SavePackage: Generating thumbnails for [0] asset(s) in package [/Game/JD_WBMyCityBlock_BuiltData] ([1] browsable assets)...
[2019.01.16-20.43.39:850][460]OBJ SavePackage: Finished generating thumbnails for package [/Game/JD_WBMyCityBlock_BuiltData]
[2019.01.16-20.43.39:864][460]LogSavePackage: Moving '../../../../../../Users/u0870886/Documents/GitHub/JDAO_AssetPipeline/JD_WB_InClass_Sec2/Saved/JD_WBMyCityBlock_BuiltData_Auto4688D0EDA4963937596E987868CB0AFFD.tmp' to '../../../../../../Users/u0870886/Documents/GitHub/JDAO_AssetPipeline/JD_WB_InClass_Sec2/Saved/Autosaves/Game/JD_WBMyCityBlock_BuiltData_Auto4.uasset'
[2019.01.16-20.43.39:865][460]LogFileHelpers: Auto-saving content packages took 0.016
[2019.01.16-20.48.37:228][850]LogSlate: FSceneViewport::OnFocusLost() reason 2
[2019.01.16-20.49.09:819][173]LogEditorViewport: Clicking Background
[2019.01.16-20.49.26:314][472]LogSlate: FSceneViewport::OnFocusLost() reason 2
[2019.01.16-20.49.42:074][765]LogEditorViewport: Clicking on Actor (LMB): BP_Sky_Sphere_C (Sky Sphere)
[2019.01.16-20.50.11:313][194]Cmd: TRANSACTION UNDO
[2019.01.16-20.50.11:313][194]LogEditorTransaction: Undo Apply Material to Selected Surfaces
[2019.01.16-20.50.15:519][662]Cmd: TRANSACTION UNDO
[2019.01.16-20.50.15:519][662]LogEditorTransaction: Undo Apply Material to Selected Surfaces
[2019.01.16-20.50.19:453][100]Cmd: TRANSACTION UNDO
[2019.01.16-20.50.19:453][100]LogEditorTransaction: Undo Apply Material to Selected Surfaces
[2019.01.16-20.50.23:271][523]LogEditorViewport: Clicking on Actor (LMB): BP_Sky_Sphere_C (Sky Sphere)
[2019.01.16-20.50.26:222][864]LogSlate: FSceneViewport::OnFocusLost() reason 0
[2019.01.16-20.51.23:699][ 39]LogSlate: FSceneViewport::OnFocusLost() reason 0
[2019.01.16-20.51.34:032][667]LogSlate: FSceneViewport::OnFocusLost() reason 0
[2019.01.16-20.51.44:486][ 53]LogSlate: FSceneViewport::OnFocusLost() reason 0
[2019.01.16-20.52.16:323][347]LogSlate: FSceneViewport::OnFocusLost() reason 0
[2019.01.16-20.52.28:224][748]LogSlate: FSceneViewport::OnFocusLost() reason 0
[2019.01.16-20.53.04:873][802]LogSlate: FSceneViewport::OnFocusLost() reason 0
[2019.01.16-20.53.32:592][ 78]LogSlate: FSceneViewport::OnFocusLost() reason 2
[2019.01.16-20.54.05:784][988]LogSlate: FSceneViewport::OnFocusLost() reason 2
[2019.01.16-20.54.06:224][988]LogSavePackage: Moving '../../../../../../Users/u0870886/Documents/GitHub/JDAO_AssetPipeline/JD_WB_InClass_Sec2/Saved/JD_WBStreet_Auto5B1531DFA490A37EEA108AC995C475E05.tmp' to '../../../../../../Users/u0870886/Documents/GitHub/JDAO_AssetPipeline/JD_WB_InClass_Sec2/Saved/Autosaves/Game/JD_WBStreet_Auto5.umap'
[2019.01.16-20.54.06:234][988]LogFileHelpers: Editor autosave (incl. sublevels) for '/Game/JD_WBStreet' took 0.412
[2019.01.16-20.54.06:234][988]LogFileHelpers: Editor autosave (incl. sublevels) for all levels took 0.412
[2019.01.16-20.54.35:110][564]LogSlate: FSceneViewport::OnFocusLost() reason 2
[2019.01.16-20.55.17:995][ 40]LogSlate: FSceneViewport::OnFocusLost() reason 0
[2019.01.16-20.55.26:787][ 33]LogEditorViewport: Clicking Background
[2019.01.16-20.55.51:885][  9]LogEditorViewport: Clicking Background
[2019.01.16-20.56.09:858][114]LogSlate: FSceneViewport::OnFocusLost() reason 0
[2019.01.16-20.56.26:139][450]LogAssetEditorManager: Opening Asset editor for MaterialInstanceConstant /Game/MI_WBGrass_JD.MI_WBGrass_JD
[2019.01.16-20.56.34:361][286]LogRenderer: Reallocating scene render targets to support 1208x592 Format 10 NumSamples 1 (Frame:6).
[2019.01.16-20.56.34:417][286]LogRenderer: Reallocating scene render targets to support 1208x620 Format 10 NumSamples 1 (Frame:7).
[2019.01.16-20.56.34:479][286]LogRenderer: Reallocating scene render targets to support 1208x660 Format 10 NumSamples 1 (Frame:8).
[2019.01.16-20.56.34:562][286]LogRenderer: Reallocating scene render targets to support 1208x688 Format 10 NumSamples 1 (Frame:9).
[2019.01.16-20.56.34:625][286]LogRenderer: Reallocating scene render targets to support 1208x708 Format 10 NumSamples 1 (Frame:10).
[2019.01.16-20.56.34:681][286]LogRenderer: Reallocating scene render targets to support 1208x724 Format 10 NumSamples 1 (Frame:11).
[2019.01.16-20.56.34:744][286]LogRenderer: Reallocating scene render targets to support 1208x728 Format 10 NumSamples 1 (Frame:12).
[2019.01.16-20.56.34:933][286]LogRenderer: Reallocating scene render targets to support 1208x904 Format 10 NumSamples 1 (Frame:13).
[2019.01.16-20.57.07:404][531]LogSlate: Window 'Color Picker' being destroyed
[2019.01.16-20.57.14:594][215]LogSlate: FSceneViewport::OnFocusLost() reason 0
[2019.01.16-20.57.14:697][224]Cmd: OBJ SAVEPACKAGE PACKAGE="/Game/MI_WBGrass_JD" FILE="../../../../../../Users/u0870886/Documents/GitHub/JDAO_AssetPipeline/JD_WB_InClass_Sec2/Content/MI_WBGrass_JD.uasset" SILENT=true
[2019.01.16-20.57.14:725][224]LogMaterial: Display: Missing cached shader map for material FDebugViewModeMaterialProxy MI_WBGrass_JD, compiling. 
[2019.01.16-20.57.15:345][224]LogShaderCompilers: Display: Shaders left to compile 1
[2019.01.16-20.57.15:347][224]TextureStreamingBuild: Display: Compiling optional shaders took 0.627 seconds.
[2019.01.16-20.57.15:382][224]LogSavePackage: Moving '../../../../../../Users/u0870886/Documents/GitHub/JDAO_AssetPipeline/JD_WB_InClass_Sec2/Saved/MI_WBGrass_JD21B685544510AFC9FAB308A309C71FBB.tmp' to '../../../../../../Users/u0870886/Documents/GitHub/JDAO_AssetPipeline/JD_WB_InClass_Sec2/Content/MI_WBGrass_JD.uasset'
[2019.01.16-20.57.16:192][317]LogSlate: Window 'MI_WBGrass_JD' being destroyed
[2019.01.16-20.57.16:196][317]LogSlate: Window 'MI_WBGrass_JD' being destroyed
[2019.01.16-20.57.26:989][492]LogSlate: FSceneViewport::OnFocusLost() reason 0
[2019.01.16-20.57.28:372][649]Cmd: BRUSH ADD SELECTNEWBRUSH
[2019.01.16-20.57.31:238][981]Cmd: CAMERA ALIGN ACTIVEVIEWPORTONLY
[2019.01.16-20.57.34:994][415]LogSlate: FSceneViewport::OnFocusLost() reason 2
[2019.01.16-20.57.43:833][419]Cmd: CAMERA ALIGN ACTIVEVIEWPORTONLY
[2019.01.16-20.58.07:708][221]LogSlate: FSceneViewport::OnFocusLost() reason 0
[2019.01.16-20.58.41:337][194]LogSlate: FSceneViewport::OnFocusLost() reason 0
[2019.01.16-20.58.48:512][  3]LogSlate: FSceneViewport::OnFocusLost() reason 2
[2019.01.16-20.58.49:968][175]Cmd: CAMERA ALIGN ACTIVEVIEWPORTONLY
[2019.01.16-20.58.54:501][709]LogSlate: FSceneViewport::OnFocusLost() reason 0
[2019.01.16-20.59.04:983][882]LogSlate: FSceneViewport::OnFocusLost() reason 2
[2019.01.16-20.59.06:676][ 81]Cmd: CAMERA ALIGN ACTIVEVIEWPORTONLY
[2019.01.16-20.59.12:024][671]Cmd: CAMERA ALIGN ACTIVEVIEWPORTONLY
[2019.01.16-20.59.17:123][264]LogSlate: FSceneViewport::OnFocusLost() reason 2
[2019.01.16-20.59.18:197][388]Cmd: CAMERA ALIGN ACTIVEVIEWPORTONLY
[2019.01.16-20.59.21:841][798]LogSlate: FSceneViewport::OnFocusLost() reason 0
[2019.01.16-20.59.26:865][369]Cmd: TRANSACTION UNDO
[2019.01.16-20.59.26:865][369]LogEditorTransaction: Undo Edit Y
[2019.01.16-20.59.26:951][369]LogActorComponent: ~FComponentReregisterContext: (/Game/JD_WBStreet.JD_WBStreet:PersistentLevel.Brush_Street_106.BrushComponent0) Component already registered.
[2019.01.16-20.59.26:951][369]LogActorComponent: ~FComponentReregisterContext: (/Game/JD_WBStreet.JD_WBStreet:PersistentLevel.Brush_Street_108.BrushComponent0) Component already registered.
[2019.01.16-20.59.26:951][369]LogActorComponent: ~FComponentReregisterContext: (/Game/JD_WBStreet.JD_WBStreet:PersistentLevel.Brush_Street_85.BrushComponent0) Component already registered.
[2019.01.16-20.59.26:951][369]LogActorComponent: ~FComponentReregisterContext: (/Game/JD_WBStreet.JD_WBStreet:PersistentLevel.Brush_Street_84.BrushComponent0) Component already registered.
[2019.01.16-20.59.26:952][369]LogActorComponent: ~FComponentReregisterContext: (/Game/JD_WBStreet.JD_WBStreet:PersistentLevel.Brush_Sidewalk_24.BrushComponent0) Component already registered.
[2019.01.16-20.59.26:952][369]LogActorComponent: ~FComponentReregisterContext: (/Game/JD_WBStreet.JD_WBStreet:PersistentLevel.Brush_Sidewalk_38.BrushComponent0) Component already registered.
[2019.01.16-20.59.26:953][369]LogActorComponent: ~FComponentReregisterContext: (/Game/JD_WBStreet.JD_WBStreet:PersistentLevel.Brush_Street_62.BrushComponent0) Component already registered.
[2019.01.16-20.59.26:953][369]LogActorComponent: ~FComponentReregisterContext: (/Game/JD_WBStreet.JD_WBStreet:PersistentLevel.Brush_Street_128.BrushComponent0) Component already registered.
[2019.01.16-20.59.26:953][369]LogActorComponent: ~FComponentReregisterContext: (/Game/JD_WBStreet.JD_WBStreet:PersistentLevel.Brush_Street_71.BrushComponent0) Component already registered.
[2019.01.16-20.59.26:954][369]LogActorComponent: ~FComponentReregisterContext: (/Game/JD_WBStreet.JD_WBStreet:PersistentLevel.Brush_Street_26.BrushComponent0) Component already registered.
[2019.01.16-20.59.26:954][369]LogActorComponent: ~FComponentReregisterContext: (/Game/JD_WBStreet.JD_WBStreet:PersistentLevel.CylinderBrush2.BrushComponent0) Component already registered.
[2019.01.16-20.59.26:958][369]LogActorComponent: ~FComponentReregisterContext: (/Game/JD_WBStreet.JD_WBStreet:PersistentLevel.Brush_Street_4.BrushComponent0) Component already registered.
[2019.01.16-20.59.26:959][369]LogActorComponent: ~FComponentReregisterContext: (/Game/JD_WBStreet.JD_WBStreet:PersistentLevel.Brush_Street_3.BrushComponent0) Component already registered.
[2019.01.16-20.59.26:959][369]LogActorComponent: ~FComponentReregisterContext: (/Game/JD_WBStreet.JD_WBStreet:PersistentLevel.Brush_Sidewalk_5.BrushComponent0) Component already registered.
[2019.01.16-20.59.26:959][369]LogActorComponent: ~FComponentReregisterContext: (/Game/JD_WBStreet.JD_WBStreet:PersistentLevel.Brush_Sidewalk_7.BrushComponent0) Component already registered.
[2019.01.16-20.59.26:960][369]LogActorComponent: ~FComponentReregisterContext: (/Game/JD_WBStreet.JD_WBStreet:PersistentLevel.Brush_Street_27.BrushComponent0) Component already registered.
[2019.01.16-20.59.26:960][369]LogActorComponent: ~FComponentReregisterContext: (/Game/JD_WBStreet.JD_WBStreet:PersistentLevel.Brush_Street_42.BrushComponent0) Component already registered.
[2019.01.16-20.59.26:960][369]LogActorComponent: ~FComponentReregisterContext: (/Game/JD_WBStreet.JD_WBStreet:PersistentLevel.Brush_Sidewalk_1.BrushComponent0) Component already registered.
[2019.01.16-20.59.26:961][369]LogActorComponent: ~FComponentReregisterContext: (/Game/JD_WBStreet.JD_WBStreet:PersistentLevel.Brush_Street_279.BrushComponent0) Component already registered.
[2019.01.16-20.59.26:961][369]LogActorComponent: ~FComponentReregisterContext: (/Game/JD_WBStreet.JD_WBStreet:PersistentLevel.Brush_Street_145.BrushComponent0) Component already registered.
[2019.01.16-20.59.26:961][369]LogActorComponent: ~FComponentReregisterContext: (/Game/JD_WBStreet.JD_WBStreet:PersistentLevel.Brush_Street_153.BrushComponent0) Component already registered.
[2019.01.16-20.59.26:962][369]LogActorComponent: ~FComponentReregisterContext: (/Game/JD_WBStreet.JD_WBStreet:PersistentLevel.Brush_Sidewalk_59.BrushComponent0) Component already registered.
[2019.01.16-20.59.26:962][369]LogActorComponent: ~FComponentReregisterContext: (/Game/JD_WBStreet.JD_WBStreet:PersistentLevel.Brush_Street_134.BrushComponent0) Component already registered.
[2019.01.16-20.59.26:962][369]LogActorComponent: ~FComponentReregisterContext: (/Game/JD_WBStreet.JD_WBStreet:PersistentLevel.Brush_Street_155.BrushComponent0) Component already registered.
[2019.01.16-20.59.26:963][369]LogActorComponent: ~FComponentReregisterContext: (/Game/JD_WBStreet.JD_WBStreet:PersistentLevel.Brush_Street_169.BrushComponent0) Component already registered.
[2019.01.16-20.59.26:963][369]LogActorComponent: ~FComponentReregisterContext: (/Game/JD_WBStreet.JD_WBStreet:PersistentLevel.Brush_Street_168.BrushComponent0) Component already registered.
[2019.01.16-20.59.26:963][369]LogActorComponent: ~FComponentReregisterContext: (/Game/JD_WBStreet.JD_WBStreet:PersistentLevel.Brush_Sidewalk_76.BrushComponent0) Component already registered.
[2019.01.16-20.59.26:964][369]LogActorComponent: ~FComponentReregisterContext: (/Game/JD_WBStreet.JD_WBStreet:PersistentLevel.Brush_Street_157.BrushComponent0) Component already registered.
[2019.01.16-20.59.26:964][369]LogActorComponent: ~FComponentReregisterContext: (/Game/JD_WBStreet.JD_WBStreet:PersistentLevel.Brush_Sidewalk_69.BrushComponent0) Component already registered.
[2019.01.16-20.59.26:965][369]LogActorComponent: ~FComponentReregisterContext: (/Game/JD_WBStreet.JD_WBStreet:PersistentLevel.Brush_Street_221.BrushComponent0) Component already registered.
[2019.01.16-20.59.26:965][369]LogActorComponent: ~FComponentReregisterContext: (/Game/JD_WBStreet.JD_WBStreet:PersistentLevel.Brush_Street_215.BrushComponent0) Component already registered.
[2019.01.16-20.59.26:966][369]LogActorComponent: ~FComponentReregisterContext: (/Game/JD_WBStreet.JD_WBStreet:PersistentLevel.Brush_Street_90.BrushComponent0) Component already registered.
[2019.01.16-20.59.26:966][369]LogActorComponent: ~FComponentReregisterContext: (/Game/JD_WBStreet.JD_WBStreet:PersistentLevel.Brush_Street_92.BrushComponent0) Component already registered.
[2019.01.16-20.59.26:966][369]LogActorComponent: ~FComponentReregisterContext: (/Game/JD_WBStreet.JD_WBStreet:PersistentLevel.Brush_Sidewalk_43.BrushComponent0) Component already registered.
[2019.01.16-20.59.26:967][369]LogActorComponent: ~FComponentReregisterContext: (/Game/JD_WBStreet.JD_WBStreet:PersistentLevel.Brush_Street_244.BrushComponent0) Component already registered.
[2019.01.16-20.59.26:967][369]LogActorComponent: ~FComponentReregisterContext: (/Game/JD_WBStreet.JD_WBStreet:PersistentLevel.Brush_Street_243.BrushComponent0) Component already registered.
[2019.01.16-20.59.26:967][369]LogActorComponent: ~FComponentReregisterContext: (/Game/JD_WBStreet.JD_WBStreet:PersistentLevel.Brush_Sidewalk_50.BrushComponent0) Component already registered.
[2019.01.16-20.59.26:968][369]LogActorComponent: ~FComponentReregisterContext: (/Game/JD_WBStreet.JD_WBStreet:PersistentLevel.Brush_Street_113.BrushComponent0) Component already registered.
[2019.01.16-20.59.40:853][974]LogSlate: FSceneViewport::OnFocusLost() reason 0
[2019.01.16-20.59.45:099][460]Cmd: TRANSACTION UNDO
[2019.01.16-20.59.45:099][460]LogEditorTransaction: Undo Edit Z
[2019.01.16-20.59.45:193][460]LogActorComponent: ~FComponentReregisterContext: (/Game/JD_WBStreet.JD_WBStreet:PersistentLevel.Brush_Street_106.BrushComponent0) Component already registered.
[2019.01.16-20.59.45:193][460]LogActorComponent: ~FComponentReregisterContext: (/Game/JD_WBStreet.JD_WBStreet:PersistentLevel.Brush_Street_108.BrushComponent0) Component already registered.
[2019.01.16-20.59.45:195][460]LogActorComponent: ~FComponentReregisterContext: (/Game/JD_WBStreet.JD_WBStreet:PersistentLevel.Brush_Street_85.BrushComponent0) Component already registered.
[2019.01.16-20.59.45:195][460]LogActorComponent: ~FComponentReregisterContext: (/Game/JD_WBStreet.JD_WBStreet:PersistentLevel.Brush_Street_84.BrushComponent0) Component already registered.
[2019.01.16-20.59.45:195][460]LogActorComponent: ~FComponentReregisterContext: (/Game/JD_WBStreet.JD_WBStreet:PersistentLevel.Brush_Sidewalk_24.BrushComponent0) Component already registered.
[2019.01.16-20.59.45:197][460]LogActorComponent: ~FComponentReregisterContext: (/Game/JD_WBStreet.JD_WBStreet:PersistentLevel.Brush_Sidewalk_38.BrushComponent0) Component already registered.
[2019.01.16-20.59.45:198][460]LogActorComponent: ~FComponentReregisterContext: (/Game/JD_WBStreet.JD_WBStreet:PersistentLevel.Brush_Street_62.BrushComponent0) Component already registered.
[2019.01.16-20.59.45:198][460]LogActorComponent: ~FComponentReregisterContext: (/Game/JD_WBStreet.JD_WBStreet:PersistentLevel.Brush_Street_128.BrushComponent0) Component already registered.
[2019.01.16-20.59.45:199][460]LogActorComponent: ~FComponentReregisterContext: (/Game/JD_WBStreet.JD_WBStreet:PersistentLevel.Brush_Street_71.BrushComponent0) Component already registered.
[2019.01.16-20.59.45:199][460]LogActorComponent: ~FComponentReregisterContext: (/Game/JD_WBStreet.JD_WBStreet:PersistentLevel.Brush_Street_26.BrushComponent0) Component already registered.
[2019.01.16-20.59.45:199][460]LogActorComponent: ~FComponentReregisterContext: (/Game/JD_WBStreet.JD_WBStreet:PersistentLevel.CylinderBrush2.BrushComponent0) Component already registered.
[2019.01.16-20.59.45:204][460]LogActorComponent: ~FComponentReregisterContext: (/Game/JD_WBStreet.JD_WBStreet:PersistentLevel.Brush_Street_4.BrushComponent0) Component already registered.
[2019.01.16-20.59.45:204][460]LogActorComponent: ~FComponentReregisterContext: (/Game/JD_WBStreet.JD_WBStreet:PersistentLevel.Brush_Street_3.BrushComponent0) Component already registered.
[2019.01.16-20.59.45:205][460]LogActorComponent: ~FComponentReregisterContext: (/Game/JD_WBStreet.JD_WBStreet:PersistentLevel.Brush_Sidewalk_5.BrushComponent0) Component already registered.
[2019.01.16-20.59.45:205][460]LogActorComponent: ~FComponentReregisterContext: (/Game/JD_WBStreet.JD_WBStreet:PersistentLevel.Brush_Sidewalk_7.BrushComponent0) Component already registered.
[2019.01.16-20.59.45:206][460]LogActorComponent: ~FComponentReregisterContext: (/Game/JD_WBStreet.JD_WBStreet:PersistentLevel.Brush_Street_27.BrushComponent0) Component already registered.
[2019.01.16-20.59.45:206][460]LogActorComponent: ~FComponentReregisterContext: (/Game/JD_WBStreet.JD_WBStreet:PersistentLevel.Brush_Street_42.BrushComponent0) Component already registered.
[2019.01.16-20.59.45:207][460]LogActorComponent: ~FComponentReregisterContext: (/Game/JD_WBStreet.JD_WBStreet:PersistentLevel.Brush_Sidewalk_1.BrushComponent0) Component already registered.
[2019.01.16-20.59.45:207][460]LogActorComponent: ~FComponentReregisterContext: (/Game/JD_WBStreet.JD_WBStreet:PersistentLevel.Brush_Street_279.BrushComponent0) Component already registered.
[2019.01.16-20.59.45:207][460]LogActorComponent: ~FComponentReregisterContext: (/Game/JD_WBStreet.JD_WBStreet:PersistentLevel.Brush_Street_145.BrushComponent0) Component already registered.
[2019.01.16-20.59.45:208][460]LogActorComponent: ~FComponentReregisterContext: (/Game/JD_WBStreet.JD_WBStreet:PersistentLevel.Brush_Street_153.BrushComponent0) Component already registered.
[2019.01.16-20.59.45:208][460]LogActorComponent: ~FComponentReregisterContext: (/Game/JD_WBStreet.JD_WBStreet:PersistentLevel.Brush_Sidewalk_59.BrushComponent0) Component already registered.
[2019.01.16-20.59.45:208][460]LogActorComponent: ~FComponentReregisterContext: (/Game/JD_WBStreet.JD_WBStreet:PersistentLevel.Brush_Street_134.BrushComponent0) Component already registered.
[2019.01.16-20.59.45:208][460]LogActorComponent: ~FComponentReregisterContext: (/Game/JD_WBStreet.JD_WBStreet:PersistentLevel.Brush_Street_155.BrushComponent0) Component already registered.
[2019.01.16-20.59.45:209][460]LogActorComponent: ~FComponentReregisterContext: (/Game/JD_WBStreet.JD_WBStreet:PersistentLevel.Brush_Street_169.BrushComponent0) Component already registered.
[2019.01.16-20.59.45:209][460]LogActorComponent: ~FComponentReregisterContext: (/Game/JD_WBStreet.JD_WBStreet:PersistentLevel.Brush_Street_168.BrushComponent0) Component already registered.
[2019.01.16-20.59.45:209][460]LogActorComponent: ~FComponentReregisterContext: (/Game/JD_WBStreet.JD_WBStreet:PersistentLevel.Brush_Sidewalk_76.BrushComponent0) Component already registered.
[2019.01.16-20.59.45:210][460]LogActorComponent: ~FComponentReregisterContext: (/Game/JD_WBStreet.JD_WBStreet:PersistentLevel.Brush_Street_157.BrushComponent0) Component already registered.
[2019.01.16-20.59.45:210][460]LogActorComponent: ~FComponentReregisterContext: (/Game/JD_WBStreet.JD_WBStreet:PersistentLevel.Brush_Sidewalk_69.BrushComponent0) Component already registered.
[2019.01.16-20.59.45:211][460]LogActorComponent: ~FComponentReregisterContext: (/Game/JD_WBStreet.JD_WBStreet:PersistentLevel.Brush_Street_221.BrushComponent0) Component already registered.
[2019.01.16-20.59.45:212][460]LogActorComponent: ~FComponentReregisterContext: (/Game/JD_WBStreet.JD_WBStreet:PersistentLevel.Brush_Street_215.BrushComponent0) Component already registered.
[2019.01.16-20.59.45:212][460]LogActorComponent: ~FComponentReregisterContext: (/Game/JD_WBStreet.JD_WBStreet:PersistentLevel.Brush_Street_90.BrushComponent0) Component already registered.
[2019.01.16-20.59.45:212][460]LogActorComponent: ~FComponentReregisterContext: (/Game/JD_WBStreet.JD_WBStreet:PersistentLevel.Brush_Street_92.BrushComponent0) Component already registered.
[2019.01.16-20.59.45:213][460]LogActorComponent: ~FComponentReregisterContext: (/Game/JD_WBStreet.JD_WBStreet:PersistentLevel.Brush_Sidewalk_43.BrushComponent0) Component already registered.
[2019.01.16-20.59.45:213][460]LogActorComponent: ~FComponentReregisterContext: (/Game/JD_WBStreet.JD_WBStreet:PersistentLevel.Brush_Street_244.BrushComponent0) Component already registered.
[2019.01.16-20.59.45:213][460]LogActorComponent: ~FComponentReregisterContext: (/Game/JD_WBStreet.JD_WBStreet:PersistentLevel.Brush_Street_243.BrushComponent0) Component already registered.
[2019.01.16-20.59.45:214][460]LogActorComponent: ~FComponentReregisterContext: (/Game/JD_WBStreet.JD_WBStreet:PersistentLevel.Brush_Sidewalk_50.BrushComponent0) Component already registered.
[2019.01.16-20.59.45:214][460]LogActorComponent: ~FComponentReregisterContext: (/Game/JD_WBStreet.JD_WBStreet:PersistentLevel.Brush_Street_113.BrushComponent0) Component already registered.
[2019.01.16-20.59.55:994][675]LogSlate: FSceneViewport::OnFocusLost() reason 2
[2019.01.16-21.00.27:609][ 83]Cmd: TRANSACTION UNDO
[2019.01.16-21.00.27:609][ 83]LogEditorTransaction: Undo Move Actors
[2019.01.16-21.00.27:700][ 83]LogActorComponent: ~FComponentReregisterContext: (/Game/JD_WBStreet.JD_WBStreet:PersistentLevel.Brush_Sidewalk_30.BrushComponent0) Component already registered.
[2019.01.16-21.00.27:701][ 83]LogActorComponent: ~FComponentReregisterContext: (/Game/JD_WBStreet.JD_WBStreet:PersistentLevel.Brush_Street_76.BrushComponent0) Component already registered.
[2019.01.16-21.00.27:701][ 83]LogActorComponent: ~FComponentReregisterContext: (/Game/JD_WBStreet.JD_WBStreet:PersistentLevel.Brush_Sidewalk_39.BrushComponent0) Component already registered.
[2019.01.16-21.00.27:701][ 83]LogActorComponent: ~FComponentReregisterContext: (/Game/JD_WBStreet.JD_WBStreet:PersistentLevel.Brush_Sidewalk_38.BrushComponent0) Component already registered.
[2019.01.16-21.00.27:702][ 83]LogActorComponent: ~FComponentReregisterContext: (/Game/JD_WBStreet.JD_WBStreet:PersistentLevel.Brush_Street_63.BrushComponent0) Component already registered.
[2019.01.16-21.00.27:702][ 83]LogActorComponent: ~FComponentReregisterContext: (/Game/JD_WBStreet.JD_WBStreet:PersistentLevel.Brush_Street_71.BrushComponent0) Component already registered.
[2019.01.16-21.00.27:702][ 83]LogActorComponent: ~FComponentReregisterContext: (/Game/JD_WBStreet.JD_WBStreet:PersistentLevel.Brush_Street_70.BrushComponent0) Component already registered.
[2019.01.16-21.00.27:703][ 83]LogActorComponent: ~FComponentReregisterContext: (/Game/JD_WBStreet.JD_WBStreet:PersistentLevel.Brush_Street_23.BrushComponent0) Component already registered.
[2019.01.16-21.00.27:703][ 83]LogActorComponent: ~FComponentReregisterContext: (/Game/JD_WBStreet.JD_WBStreet:PersistentLevel.Brush_Street_14.BrushComponent0) Component already registered.
[2019.01.16-21.00.27:708][ 83]LogActorComponent: ~FComponentReregisterContext: (/Game/JD_WBStreet.JD_WBStreet:PersistentLevel.Brush_Sidewalk_19.BrushComponent0) Component already registered.
[2019.01.16-21.00.27:709][ 83]LogActorComponent: ~FComponentReregisterContext: (/Game/JD_WBStreet.JD_WBStreet:PersistentLevel.Brush_Sidewalk_2.BrushComponent0) Component already registered.
[2019.01.16-21.00.27:710][ 83]LogActorComponent: ~FComponentReregisterContext: (/Game/JD_WBStreet.JD_WBStreet:PersistentLevel.Brush_Sidewalk_68.BrushComponent0) Component already registered.
[2019.01.16-21.00.27:711][ 83]LogActorComponent: ~FComponentReregisterContext: (/Game/JD_WBStreet.JD_WBStreet:PersistentLevel.Brush_Sidewalk_60.BrushComponent0) Component already registered.
[2019.01.16-21.00.27:711][ 83]LogActorComponent: ~FComponentReregisterContext: (/Game/JD_WBStreet.JD_WBStreet:PersistentLevel.Brush_Street_261.BrushComponent0) Component already registered.
[2019.01.16-21.00.27:713][ 83]LogActorComponent: ~FComponentReregisterContext: (/Game/JD_WBStreet.JD_WBStreet:PersistentLevel.Brush_Street_169.BrushComponent0) Component already registered.
[2019.01.16-21.00.27:714][ 83]LogActorComponent: ~FComponentReregisterContext: (/Game/JD_WBStreet.JD_WBStreet:PersistentLevel.Brush_Street_104.BrushComponent0) Component already registered.
[2019.01.16-21.00.27:715][ 83]LogActorComponent: ~FComponentReregisterContext: (/Game/JD_WBStreet.JD_WBStreet:PersistentLevel.Brush_Street_91.BrushComponent0) Component already registered.
[2019.01.16-21.00.27:715][ 83]LogActorComponent: ~FComponentReregisterContext: (/Game/JD_WBStreet.JD_WBStreet:PersistentLevel.Brush_Sidewalk_218.BrushComponent0) Component already registered.
[2019.01.16-21.00.27:715][ 83]LogActorComponent: ~FComponentReregisterContext: (/Game/JD_WBStreet.JD_WBStreet:PersistentLevel.Brush_Sidewalk_44.BrushComponent0) Component already registered.
[2019.01.16-21.00.27:716][ 83]LogActorComponent: ~FComponentReregisterContext: (/Game/JD_WBStreet.JD_WBStreet:PersistentLevel.Brush_Street_242.BrushComponent0) Component already registered.
[2019.01.16-21.00.27:716][ 83]LogActorComponent: ~FComponentReregisterContext: (/Game/JD_WBStreet.JD_WBStreet:PersistentLevel.Brush_Street_124.BrushComponent0) Component already registered.
[2019.01.16-21.00.27:717][ 83]LogActorComponent: ~FComponentReregisterContext: (/Game/JD_WBStreet.JD_WBStreet:PersistentLevel.Brush_Street_225.BrushComponent0) Component already registered.
[2019.01.16-21.00.50:223][541]LogSlate: FSceneViewport::OnFocusLost() reason 0
[2019.01.16-21.01.00:477][730]LogSlate: FSceneViewport::OnFocusLost() reason 0
[2019.01.16-21.01.17:014][560]LogSlate: FSceneViewport::OnFocusLost() reason 0
[2019.01.16-21.01.40:554][ 81]LogEditorViewport: Clicking Background
[2019.01.16-21.01.54:741][614]Cmd: TRANSACTION UNDO
[2019.01.16-21.01.54:741][614]LogEditorTransaction: Undo Move Actors
[2019.01.16-21.01.54:956][614]LogActorComponent: ~FComponentReregisterContext: (/Game/JD_WBStreet.JD_WBStreet:PersistentLevel.Brush_Sidewalk_67.BrushComponent0) Component already registered.
[2019.01.16-21.01.54:959][614]LogActorComponent: ~FComponentReregisterContext: (/Game/JD_WBStreet.JD_WBStreet:PersistentLevel.Brush_Street_133.BrushComponent0) Component already registered.
[2019.01.16-21.01.54:961][614]LogActorComponent: ~FComponentReregisterContext: (/Game/JD_WBStreet.JD_WBStreet:PersistentLevel.Brush_Grass_52.BrushComponent0) Component already registered.
[2019.01.16-21.01.54:962][614]LogActorComponent: ~FComponentReregisterContext: (/Game/JD_WBStreet.JD_WBStreet:PersistentLevel.Brush_Grass_3.BrushComponent0) Component already registered.
[2019.01.16-21.01.54:964][614]LogActorComponent: ~FComponentReregisterContext: (/Game/JD_WBStreet.JD_WBStreet:PersistentLevel.Brush_Sidewalk_3.BrushComponent0) Component already registered.
[2019.01.16-21.01.54:969][614]LogActorComponent: ~FComponentReregisterContext: (/Game/JD_WBStreet.JD_WBStreet:PersistentLevel.Brush_Grass_424.BrushComponent0) Component already registered.
[2019.01.16-21.01.54:969][614]LogActorComponent: ~FComponentReregisterContext: (/Game/JD_WBStreet.JD_WBStreet:PersistentLevel.Brush_Street_6.BrushComponent0) Component already registered.
[2019.01.16-21.01.54:979][614]LogActorComponent: ~FComponentReregisterContext: (/Game/JD_WBStreet.JD_WBStreet:PersistentLevel.Brush_Street_79.BrushComponent0) Component already registered.
[2019.01.16-21.01.54:981][614]LogActorComponent: ~FComponentReregisterContext: (/Game/JD_WBStreet.JD_WBStreet:PersistentLevel.Brush_Street_72.BrushComponent0) Component already registered.
[2019.01.16-21.01.54:983][614]LogActorComponent: ~FComponentReregisterContext: (/Game/JD_WBStreet.JD_WBStreet:PersistentLevel.Brush_Grass_307.BrushComponent0) Component already registered.
[2019.01.16-21.01.54:989][614]LogActorComponent: ~FComponentReregisterContext: (/Game/JD_WBStreet.JD_WBStreet:PersistentLevel.Brush_Grass_383.BrushComponent0) Component already registered.
[2019.01.16-21.01.54:992][614]LogActorComponent: ~FComponentReregisterContext: (/Game/JD_WBStreet.JD_WBStreet:PersistentLevel.Brush_Grass_356.BrushComponent0) Component already registered.
[2019.01.16-21.01.54:994][614]LogActorComponent: ~FComponentReregisterContext: (/Game/JD_WBStreet.JD_WBStreet:PersistentLevel.Brush_Grass_155.BrushComponent0) Component already registered.
[2019.01.16-21.01.54:996][614]LogActorComponent: ~FComponentReregisterContext: (/Game/JD_WBStreet.JD_WBStreet:PersistentLevel.Brush_Grass_90.BrushComponent0) Component already registered.
[2019.01.16-21.01.54:999][614]LogActorComponent: ~FComponentReregisterContext: (/Game/JD_WBStreet.JD_WBStreet:PersistentLevel.Brush_Grass_242.BrushComponent0) Component already registered.
[2019.01.16-21.01.55:001][614]LogActorComponent: ~FComponentReregisterContext: (/Game/JD_WBStreet.JD_WBStreet:PersistentLevel.Brush_Grass_166.BrushComponent0) Component already registered.
[2019.01.16-21.02.26:740][436]Cmd: DELETE
[2019.01.16-21.02.26:740][436]Cmd: ACTOR DELETE
[2019.01.16-21.02.26:785][436]LogEditorActor: Deleted Actor: BP_Sky_Sphere_C
[2019.01.16-21.02.26:785][436]LogEditorActor: Deleted Actor: BP_Sky_Sphere_C
[2019.01.16-21.02.26:785][436]LogEditorActor: Deleted Actor: BP_Sky_Sphere_C
[2019.01.16-21.02.26:786][436]LogEditorActor: Deleted Actor: BP_Sky_Sphere_C
[2019.01.16-21.02.26:786][436]LogEditorActor: Deleted Actor: BP_Sky_Sphere_C
[2019.01.16-21.02.26:786][436]LogEditorActor: Deleted Actor: BP_Sky_Sphere_C
[2019.01.16-21.02.26:788][436]LogEditorActor: Deleted Actor: Brush
[2019.01.16-21.02.26:788][436]LogEditorActor: Deleted Actor: Brush
[2019.01.16-21.02.26:789][436]LogEditorActor: Deleted Actor: Brush
[2019.01.16-21.02.26:789][436]LogEditorActor: Deleted Actor: Brush
[2019.01.16-21.02.26:789][436]LogEditorActor: Deleted Actor: Brush
[2019.01.16-21.02.26:789][436]LogEditorActor: Deleted Actor: Brush
[2019.01.16-21.02.26:790][436]LogEditorActor: Deleted Actor: Brush
[2019.01.16-21.02.26:790][436]LogEditorActor: Deleted Actor: Brush
[2019.01.16-21.02.26:790][436]LogEditorActor: Deleted Actor: Brush
[2019.01.16-21.02.26:790][436]LogEditorActor: Deleted Actor: Brush
[2019.01.16-21.02.26:791][436]LogEditorActor: Deleted Actor: Brush
[2019.01.16-21.02.26:791][436]LogEditorActor: Deleted Actor: Brush
[2019.01.16-21.02.27:115][436]LogEditorActor: Deleted 18 Actors (0.373 secs)
[2019.01.16-21.02.49:366][990]LogEditorViewport: Clicking Background
[2019.01.16-21.02.59:173][157]LogSlate: FSceneViewport::OnFocusLost() reason 2
[2019.01.16-21.03.03:649][677]Cmd: CAMERA ALIGN ACTIVEVIEWPORTONLY
[2019.01.16-21.03.16:306][132]LogEditorViewport: Clicking Background
[2019.01.16-21.03.36:776][307]LogSlate: FSceneViewport::OnFocusLost() reason 0
[2019.01.16-21.03.56:454][281]Cmd: CAMERA ALIGN ACTIVEVIEWPORTONLY
[2019.01.16-21.04.00:018][690]LogEditorViewport: Clicking Background
[2019.01.16-21.04.14:484][122]Cmd: CAMERA ALIGN ACTIVEVIEWPORTONLY
[2019.01.16-21.04.17:031][404]Cmd: CAMERA ALIGN ACTIVEVIEWPORTONLY
[2019.01.16-21.04.50:208][216]LogSlate: FSceneViewport::OnFocusLost() reason 0
[2019.01.16-21.04.54:752][421]LogSavePackage: Moving '../../../../../../Users/u0870886/Documents/GitHub/JDAO_AssetPipeline/JD_WB_InClass_Sec2/Saved/JD_WBStreet_Auto668735A9F484DC32449BAEF98353A8429.tmp' to '../../../../../../Users/u0870886/Documents/GitHub/JDAO_AssetPipeline/JD_WB_InClass_Sec2/Saved/Autosaves/Game/JD_WBStreet_Auto6.umap'
[2019.01.16-21.04.54:763][421]LogFileHelpers: Editor autosave (incl. sublevels) for '/Game/JD_WBStreet' took 1.188
[2019.01.16-21.04.54:763][421]LogFileHelpers: Editor autosave (incl. sublevels) for all levels took 1.188
[2019.01.16-21.04.55:497][465]LogSlate: FSceneViewport::OnFocusLost() reason 0
[2019.01.16-21.05.02:459][820]LogSlate: Window 'Delete Assets' being destroyed
[2019.01.16-21.05.09:569][547]LogAIModule: Creating AISystem for world JD_WBMyCityBlock
[2019.01.16-21.05.13:703][980]LogSlate: FSceneViewport::OnFocusLost() reason 2
[2019.01.16-21.05.14:813][980]LogSavePackage: Moving '../../../../../../Users/u0870886/Documents/GitHub/JDAO_AssetPipeline/JD_WB_InClass_Sec2/Saved/JD_WBStreet6CBE469D4DEE437CDB9A228B299D26E8.tmp' to '../../../../../../Users/u0870886/Documents/GitHub/JDAO_AssetPipeline/JD_WB_InClass_Sec2/Content/JD_WBStreet.umap'
[2019.01.16-21.05.14:865][980]Cmd: OBJ SAVEPACKAGE PACKAGE="/Game/JD_WBStreet_BuiltData" FILE="../../../../../../Users/u0870886/Documents/GitHub/JDAO_AssetPipeline/JD_WB_InClass_Sec2/Content/JD_WBStreet_BuiltData.uasset" SILENT=true
[2019.01.16-21.05.14:887][980]LogSavePackage: Moving '../../../../../../Users/u0870886/Documents/GitHub/JDAO_AssetPipeline/JD_WB_InClass_Sec2/Saved/JD_WBStreet_BuiltDataA0D5F5D34DE10D9BB63F03B20D9D560F.tmp' to '../../../../../../Users/u0870886/Documents/GitHub/JDAO_AssetPipeline/JD_WB_InClass_Sec2/Content/JD_WBStreet_BuiltData.uasset'
[2019.01.16-21.05.18:120][345]LogSlate: FSceneViewport::OnFocusLost() reason 0
[2019.01.16-21.05.20:063][473]LogAssetEditorManager: Opening Asset editor for World /Game/JD_WBMyCityBlock.JD_WBMyCityBlock
[2019.01.16-21.05.21:620][473]LogSlate: Window 'Save Content' being destroyed
[2019.01.16-21.05.24:200][473]LogSavePackage: Moving '../../../../../../Users/u0870886/Documents/GitHub/JDAO_AssetPipeline/JD_WB_InClass_Sec2/Saved/JD_WBMyCityBlockFF22D3B544B0D224F85143A5E5D35A29.tmp' to '../../../../../../Users/u0870886/Documents/GitHub/JDAO_AssetPipeline/JD_WB_InClass_Sec2/Content/JD_WBMyCityBlock.umap'
[2019.01.16-21.05.24:220][473]LogFileHelpers: Saving map 'JD_WBMyCityBlock' took 2.593
[2019.01.16-21.05.24:235][473]LogSavePackage: Moving '../../../../../../Users/u0870886/Documents/GitHub/JDAO_AssetPipeline/JD_WB_InClass_Sec2/Saved/JD_WBMyCityBlock_BuiltData5AA0EE904DFC105BE2762583C0922F82.tmp' to '../../../../../../Users/u0870886/Documents/GitHub/JDAO_AssetPipeline/JD_WB_InClass_Sec2/Content/JD_WBMyCityBlock_BuiltData.uasset'
[2019.01.16-21.05.24:301][473]Cmd: MAP LOAD FILE="../../../../../../Users/u0870886/Documents/GitHub/JDAO_AssetPipeline/JD_WB_InClass_Sec2/Content/JD_WBMyCityBlock.umap" TEMPLATE=0 SHOWPROGRESS=1 FEATURELEVEL=3
[2019.01.16-21.05.24:301][473]LightingResults: New page: Lighting Build
[2019.01.16-21.05.24:302][473]LoadErrors: New page: Loading map: JD_WBMyCityBlock.umap
[2019.01.16-21.05.24:306][473]MapCheck: New page: Map Check
[2019.01.16-21.05.24:306][473]LightingResults: New page: Lighting Build
[2019.01.16-21.05.24:355][473]LogEditorServer: Finished looking for orphan Actors (0.000 secs)
[2019.01.16-21.05.24:457][473]Cmd: MAP CHECKDEP NOCLEARLOG
[2019.01.16-21.05.24:519][473]MapCheck: Map check complete: 0 Error(s), 0 Warning(s), took 62.331ms to complete.
[2019.01.16-21.05.24:523][473]LogFileHelpers: Loading map 'JD_WBMyCityBlock' took 0.224
[2019.01.16-21.07.03:183][426]LogSlate: FSceneViewport::OnFocusLost() reason 2
[2019.01.16-21.07.05:594][691]Cmd: CAMERA ALIGN ACTIVEVIEWPORTONLY
[2019.01.16-21.07.05:594][691]Can't find target actor or component.
[2019.01.16-21.07.06:272][771]Cmd: CAMERA ALIGN ACTIVEVIEWPORTONLY
[2019.01.16-21.07.06:272][771]Can't find target actor or component.
[2019.01.16-21.07.07:298][884]Cmd: CAMERA ALIGN ACTIVEVIEWPORTONLY
